#
# A fatal error has been detected by the Java Runtime Environment:
#
#  Internal Error (jvmciRuntime.cpp:1609), pid=29, tid=43
#  fatal error: Fatal exception in JVMCI: Error calling jdk.vm.ci.services.Services.serializeSavedProperties
#
# JRE version: OpenJDK Runtime Environment GraalVM CE 22.3.0 (17.0.5+8) (build 17.0.5+8-jvmci-22.3-b08)
# Java VM: OpenJDK 64-Bit Server VM GraalVM CE 22.3.0 (17.0.5+8-jvmci-22.3-b08, mixed mode, sharing, tiered, jvmci, jvmci compiler, compressed oops, compressed class ptrs, parallel gc, linux-amd64)
# Problematic frame:
# V  [libjvm.so+0x972714]  JVMCIRuntime::fatal_exception(JVMCIEnv*, char const*)+0x74
#
# Core dump will be written. Default location: Core dumps may be processed with "/usr/share/apport/apport -p%p -s%s -c%c -d%d -P%P -u%u -g%g -- %E" (or dumping to /home/runner/Wordle/core.29)
#
# If you would like to submit a bug report, please visit:
#   https://github.com/oracle/graal/issues
#

---------------  S U M M A R Y ------------

Command Line: -XX:ThreadPriorityPolicy=1 -XX:+UnlockExperimentalVMOptions -XX:+EnableJVMCIProduct -XX:JVMCIThreadsPerNativeLibraryRuntime=1 -XX:-UnlockExperimentalVMOptions -Declipse.application=org.eclipse.jdt.ls.core.id1 -Dosgi.bundles.defaultStartLevel=4 -Declipse.product=org.eclipse.jdt.ls.core.product -Dlog.level=ALL -Xverify:none -XX:+UseParallelGC -XX:GCTimeRatio=4 -XX:AdaptiveSizePolicyWeight=90 -Dsun.zip.disableMemoryMapping=true -Xmx512m -Xms100m /nix/store/m6gcpi1ii6rghy04cjwjddcavv7i90df-jdt-language-server-1.9.0/share/java/plugins/org.eclipse.equinox.launcher_1.6.400.v20210924-0641.jar --add-modules=ALL-SYSTEM --add-opens java.base/java.util=ALL-UNNAMED --add-opens java.base/java.lang=ALL-UNNAMED -configuration /home/runner/.cache/jdt-language-server/config -data /home/runner/.cache/jdt-language-server/data/home/runner/Wordle

Host: AMD EPYC 7B12, 8 cores, 1G, Ubuntu 20.04.2 LTS
Time: Sat Apr  1 00:20:35 2023 UTC elapsed time: 1179.884374 seconds (0d 0h 19m 39s)

---------------  T H R E A D  ---------------

Current thread (0x00007f369c0b21e0):  JavaThread "JVMCI-native CompilerThread0" daemon [_thread_in_vm, id=43, stack(0x00007f3681918000,0x00007f3681b18000)]


Current CompileTask:
JVMCI-native:1179884 9213       4       org.eclipse.jdt.internal.core.JrtPackageFragmentRoot::getPackageFragment (10 bytes)

Stack: [0x00007f3681918000,0x00007f3681b18000],  sp=0x00007f3681b16380,  free space=2040k
Native frames: (J=compiled Java code, j=interpreted, Vv=VM code, C=native code)
V  [libjvm.so+0x972714]  JVMCIRuntime::fatal_exception(JVMCIEnv*, char const*)+0x74
V  [libjvm.so+0x93e2fe]  JVMCIEnv::copy_saved_properties()+0x14e
V  [libjvm.so+0x9732a9]  JVMCIRuntime::initialize(JVMCIEnv*)+0xb19
V  [libjvm.so+0x9738a2]  JVMCIRuntime::get_HotSpotJVMCIRuntime(JVMCIEnv*)+0x12
V  [libjvm.so+0x9749f2]  JVMCIRuntime::compile_method(JVMCIEnv*, JVMCICompiler*, methodHandle const&, int)+0xd2
V  [libjvm.so+0x5b0d20]  CompileBroker::invoke_compiler_on_method(CompileTask*)+0x1470
V  [libjvm.so+0x5b12e8]  CompileBroker::compiler_thread_loop()+0x528
V  [libjvm.so+0xd82460]  JavaThread::thread_main_inner()+0xd0
V  [libjvm.so+0xd85a40]  Thread::call_run()+0xc0
V  [libjvm.so+0xbdb1e1]  thread_native_entry(Thread*)+0xe1

Register to memory mapping:

RAX=0x00007f36a15eb000 points into unknown readable memory: 0x0000000000000058 | 58 00 00 00 00 00 00 00
RBX=0x00007f36a26e6398: <offset 0x0000000000ef5398> in /nix/store/gpxl5qgg8kicmcvivwmybwjlpf7wh20l-graalvm17-ce-22.3.0/lib/server/libjvm.so at 0x00007f36a17f1000
RCX=0x00007f36a269e1e8: <offset 0x0000000000ead1e8> in /nix/store/gpxl5qgg8kicmcvivwmybwjlpf7wh20l-graalvm17-ce-22.3.0/lib/server/libjvm.so at 0x00007f36a17f1000
RDX=0x0000000000000649 is an unknown value
RSP=0x00007f3681b16380 is pointing into the stack for thread: 0x00007f369c0b21e0
RBP=0x00007f3681b163a0 is pointing into the stack for thread: 0x00007f369c0b21e0
RSI=0x00007f36a26e6c48: <offset 0x0000000000ef5c48> in /nix/store/gpxl5qgg8kicmcvivwmybwjlpf7wh20l-graalvm17-ce-22.3.0/lib/server/libjvm.so at 0x00007f36a17f1000
RDI=0x00000000e0000000 is an oop: [B 
{0x00000000e0000000} - klass: {type array byte}
 - length: 5
R8 =0x00007f36a26e6398: <offset 0x0000000000ef5398> in /nix/store/gpxl5qgg8kicmcvivwmybwjlpf7wh20l-graalvm17-ce-22.3.0/lib/server/libjvm.so at 0x00007f36a17f1000
R9 =0x0000000000000003 is an unknown value
R10=0x00007f36a2a37da0: <offset 0x0000000001246da0> in /nix/store/gpxl5qgg8kicmcvivwmybwjlpf7wh20l-graalvm17-ce-22.3.0/lib/server/libjvm.so at 0x00007f36a17f1000
R11=0x000000080044f048 is pointing into metadata
R12=0x0 is NULL
R13=0x00007f369c0b21e0 is a thread
R14=0x00007f369c000b80 points into unknown readable memory: 0x00007f36a2917a38 | 38 7a 91 a2 36 7f 00 00
R15=0x00007f36a2a25e40: <offset 0x0000000001234e40> in /nix/store/gpxl5qgg8kicmcvivwmybwjlpf7wh20l-graalvm17-ce-22.3.0/lib/server/libjvm.so at 0x00007f36a17f1000


Registers:
RAX=0x00007f36a15eb000, RBX=0x00007f36a26e6398, RCX=0x00007f36a269e1e8, RDX=0x0000000000000649
RSP=0x00007f3681b16380, RBP=0x00007f3681b163a0, RSI=0x00007f36a26e6c48, RDI=0x00000000e0000000
R8 =0x00007f36a26e6398, R9 =0x0000000000000003, R10=0x00007f36a2a37da0, R11=0x000000080044f048
R12=0x0000000000000000, R13=0x00007f369c0b21e0, R14=0x00007f369c000b80, R15=0x00007f36a2a25e40
RIP=0x00007f36a2163714, EFLAGS=0x0000000000010206, CSGSFS=0x002b000000000033, ERR=0x0000000000000006
  TRAPNO=0x000000000000000e

Top of Stack: (sp=0x00007f3681b16380)
0x00007f3681b16380:   00007f3681b16940 00007f369c0b21e0
0x00007f3681b16390:   00007f36834178c8 0000000800c417a0
0x00007f3681b163a0:   00007f3681b16500 00007f36a212f2fe
0x00007f3681b163b0:   00007f3681b163e0 00007f3681b16440 

Instructions: (pc=0x00007f36a2163714)
0x00007f36a2163614:   30 e8 f6 cf e8 ff 4c 89 e7 e8 2e 48 d1 ff 84 db
0x00007f36a2163624:   75 2a 4d 85 ed 74 04 4d 8b 6d 00 48 83 c4 08 44
0x00007f36a2163634:   89 f9 4c 89 f2 4c 89 ee 5b 4c 89 e7 41 5c 41 5d
0x00007f36a2163644:   41 5e 41 5f 5d e9 e2 47 d1 ff 66 90 48 83 c4 08
0x00007f36a2163654:   5b 41 5c 41 5d 41 5e 41 5f 5d c3 90 31 d2 be 08
0x00007f36a2163664:   00 00 00 4c 89 ff e8 b1 78 a3 ff 49 89 c5 e9 37
0x00007f36a2163674:   ff ff ff 66 0f 1f 84 00 00 00 00 00 48 8b 7a 08
0x00007f36a2163684:   e9 6d ff ff ff 0f 1f 80 00 00 00 00 e8 5b 48 0a
0x00007f36a2163694:   00 84 c0 75 89 e9 6a ff ff ff 66 90 55 48 89 e5
0x00007f36a21636a4:   41 56 41 55 41 54 49 89 fc 53 48 89 f3 66 48 8d
0x00007f36a21636b4:   3d 27 5e 85 00 66 66 48 e8 df 43 8d ff 4c 8b 28
0x00007f36a21636c4:   8b 05 be 72 8a 00 85 c0 75 14 ba 01 00 00 00 48
0x00007f36a21636d4:   8d 0d ae 72 8a 00 f0 0f b1 11 85 c0 74 4e be c8
0x00007f36a21636e4:   00 00 00 4c 89 ef e8 01 0b 41 00 48 8d 05 12 ac
0x00007f36a21636f4:   85 00 49 89 d8 48 8d 0d e8 aa 53 00 ba 49 06 00
0x00007f36a2163704:   00 48 8d 35 3c 35 58 00 bf 00 00 00 e0 48 8b 00
0x00007f36a2163714:   c6 00 58 31 c0 e8 e2 91 c6 ff 5b 41 5c 41 5d 41
0x00007f36a2163724:   5e 5d e9 55 34 26 00 0f 1f 44 00 00 48 8d 05 81
0x00007f36a2163734:   a3 8b 00 48 89 df 4c 8b 30 e8 9e 43 8d ff 48 89
0x00007f36a2163744:   de 48 89 c2 49 8b 06 4c 89 f7 ff 50 08 4c 89 f7
0x00007f36a2163754:   e8 a7 5c 27 00 4d 85 e4 74 12 be 01 00 00 00 4c
0x00007f36a2163764:   89 e7 e8 35 43 fc ff eb 82 0f 1f 00 be 01 00 00
0x00007f36a2163774:   00 4c 89 ef e8 d3 fd ff ff e9 6d ff ff ff 66 66
0x00007f36a2163784:   2e 0f 1f 84 00 00 00 00 00 0f 1f 00 55 48 89 e5
0x00007f36a2163794:   41 57 41 56 41 55 41 54 53 48 81 ec 08 02 00 00
0x00007f36a21637a4:   64 48 8b 04 25 28 00 00 00 48 89 45 c8 8b 07 83
0x00007f36a21637b4:   f8 02 0f 84 11 04 00 00 4c 8b 6f 18 49 89 ff 49
0x00007f36a21637c4:   89 f4 4d 85 ed 74 14 4c 89 ef e8 5d 57 22 00 41
0x00007f36a21637d4:   8b 07 83 f8 02 0f 84 19 04 00 00 48 8d 1d 9a 06
0x00007f36a21637e4:   8a 00 4c 8d 35 0b 3c 58 00 eb 38 90 48 85 d2 7f
0x00007f36a21637f4:   0d 48 8d 05 b4 c0 85 00 48 83 38 00 7e 0e 41 8b
0x00007f36a2163804:   77 2c 4c 89 f7 31 c0 e8 a0 b2 f7 ff 49 8b 7f 18 


Stack slot to memory mapping:
stack at sp + 0 slots: 0x00007f3681b16940 is pointing into the stack for thread: 0x00007f369c0b21e0
stack at sp + 1 slots: 0x00007f369c0b21e0 is a thread
stack at sp + 2 slots: 0x00007f36834178c8 points into unknown readable memory: 0x6573001880c9ffff | ff ff c9 80 18 00 73 65
stack at sp + 3 slots: 0x0000000800c417a0 is a pointer to class: 
jdk.vm.ci.services.Services {0x0000000800c417a0}
 - instance size:     2
 - klass size:        65
 - access:            public final synchronized 
 - state:             fully_initialized
 - name:              'jdk/vm/ci/services/Services'
 - super:             'java/lang/Object'
 - sub:               
 - arrays:            NULL
 - methods:           Array<T>(0x00007f3682442180)
 - method ordering:   Array<T>(0x0000000800928960)
 - default_methods:   Array<T>(0x0000000000000000)
 - local interfaces:  Array<T>(0x00000008005ce810)
 - trans. interfaces: Array<T>(0x00000008005ce810)
 - constants:         constant pool [427] {0x00007f3682441260} for 'jdk/vm/ci/services/Services' cache=0x00007f3682443450
 - class loader data:  loader data: 0x00007f369c0283d0 of 'bootstrap'
 - source file:       'Services.java'
 - class annotations:       Array<T>(0x0000000000000000)
 - class type annotations:  Array<T>(0x0000000000000000)
 - field annotations:       Array<T>(0x0000000000000000)
 - field type annotations:  Array<T>(0x0000000000000000)
 - inner classes:     Array<T>(0x00007f3682443420)
 - nest members:     Array<T>(0x00007f3682443440)
 - permitted subclasses:     Array<T>(0x00000008005ce7a0)
 - java mirror:       a 'java/lang/Class'{0x00000000e017b140} = 'jdk/vm/ci/services/Services'
 - vtable length      5  (start addr: 0x0000000800c41970)
 - itable length      2 (start addr: 0x0000000800c41998)
 - ---- static fields (3 words):
 - public static final 'IS_BUILDING_NATIVE_IMAGE' 'Z' @128 
 - public static final 'IS_IN_NATIVE_IMAGE' 'Z' @129 
 - private static volatile 'savedProperties' 'Ljava/util/Map;' @112 
 - static final 'JVMCI_ENABLED' 'Z' @130 
 - private static final 'servicesCache' 'Ljava/util/Map;' @116 
 - private static final 'MAX_UNICODE_IN_UTF8_LENGTH' 'I' @120 
 - private static final 'MAX_UTF8_PROPERTY_STRING_LENGTH' 'I' @124 
 - ---- non-static fields (0 words):
 - non-static oop maps: 
stack at sp + 4 slots: 0x00007f3681b16500 is pointing into the stack for thread: 0x00007f369c0b21e0
stack at sp + 5 slots: 0x00007f36a212f2fe: <offset 0x000000000093e2fe> in /nix/store/gpxl5qgg8kicmcvivwmybwjlpf7wh20l-graalvm17-ce-22.3.0/lib/server/libjvm.so at 0x00007f36a17f1000
stack at sp + 6 slots: 0x00007f3681b163e0 is pointing into the stack for thread: 0x00007f369c0b21e0
stack at sp + 7 slots: 0x00007f3681b16440 is pointing into the stack for thread: 0x00007f369c0b21e0


---------------  P R O C E S S  ---------------

Threads class SMR info:
_java_thread_list=0x00007f360c064270, length=28, elements={
0x00007f369c026670, 0x00007f369c0a64b0, 0x00007f369c0a78f0, 0x00007f369c0ae050,
0x00007f369c0af400, 0x00007f369c0b07f0, 0x00007f369c0b21e0, 0x00007f369c0b36f0,
0x00007f369c0b4750, 0x00007f369c0d7eb0, 0x00007f369c120160, 0x00007f369c304150,
0x00007f369c337230, 0x00007f369c339950, 0x00007f369c5fede0, 0x00007f3630016ec0,
0x00007f36302a0f20, 0x00007f36240010d0, 0x00007f3630483be0, 0x00007f36305eda00,
0x00007f369c37d220, 0x00007f369c3cb410, 0x00007f3600000ff0, 0x00007f361c2f8df0,
0x00007f36180280d0, 0x00007f360c0ecb80, 0x00007f360c0ebf70, 0x00007f360c13fa90
}

Java Threads: ( => current thread )
  0x00007f369c026670 JavaThread "main" [_thread_blocked, id=35, stack(0x00007f36a160c000,0x00007f36a170c000)]
  0x00007f369c0a64b0 JavaThread "Reference Handler" daemon [_thread_blocked, id=38, stack(0x00007f36821fe000,0x00007f36822fe000)]
  0x00007f369c0a78f0 JavaThread "Finalizer" daemon [_thread_blocked, id=39, stack(0x00007f36820fe000,0x00007f36821fe000)]
  0x00007f369c0ae050 JavaThread "Signal Dispatcher" daemon [_thread_blocked, id=40, stack(0x00007f3681d18000,0x00007f3681e18000)]
  0x00007f369c0af400 JavaThread "Service Thread" daemon [_thread_blocked, id=41, stack(0x00007f3681c18000,0x00007f3681d18000)]
  0x00007f369c0b07f0 JavaThread "Monitor Deflation Thread" daemon [_thread_blocked, id=42, stack(0x00007f3681b18000,0x00007f3681c18000)]
=>0x00007f369c0b21e0 JavaThread "JVMCI-native CompilerThread0" daemon [_thread_in_vm, id=43, stack(0x00007f3681918000,0x00007f3681b18000)]
  0x00007f369c0b36f0 JavaThread "C1 CompilerThread0" daemon [_thread_blocked, id=44, stack(0x00007f3681718000,0x00007f3681918000)]
  0x00007f369c0b4750 JavaThread "Sweeper thread" daemon [_thread_blocked, id=45, stack(0x00007f3681618000,0x00007f3681718000)]
  0x00007f369c0d7eb0 JavaThread "Common-Cleaner" daemon [_thread_blocked, id=46, stack(0x00007f3681518000,0x00007f3681618000)]
  0x00007f369c120160 JavaThread "Notification Thread" daemon [_thread_blocked, id=48, stack(0x00007f3681418000,0x00007f3681518000)]
  0x00007f369c304150 JavaThread "Active Thread: Equinox Container: bfaf61b4-14f9-4642-8af2-2bc9239aa054" [_thread_blocked, id=60, stack(0x00007f3680000000,0x00007f3680100000)]
  0x00007f369c337230 JavaThread "Framework Event Dispatcher: Equinox Container: bfaf61b4-14f9-4642-8af2-2bc9239aa054" daemon [_thread_blocked, id=61, stack(0x00007f3649b00000,0x00007f3649c00000)]
  0x00007f369c339950 JavaThread "Start Level: Equinox Container: bfaf61b4-14f9-4642-8af2-2bc9239aa054" daemon [_thread_blocked, id=62, stack(0x00007f3649900000,0x00007f3649a00000)]
  0x00007f369c5fede0 JavaThread "Refresh Thread: Equinox Container: bfaf61b4-14f9-4642-8af2-2bc9239aa054" daemon [_thread_blocked, id=72, stack(0x00007f3649700000,0x00007f3649800000)]
  0x00007f3630016ec0 JavaThread "SCR Component Actor" daemon [_thread_blocked, id=73, stack(0x00007f3649500000,0x00007f3649600000)]
  0x00007f36302a0f20 JavaThread "Worker-JM" [_thread_blocked, id=83, stack(0x00007f3649100000,0x00007f3649200000)]
  0x00007f36240010d0 JavaThread "Worker-1" [_thread_blocked, id=85, stack(0x00007f3648d00000,0x00007f3648e00000)]
  0x00007f3630483be0 JavaThread "Java indexing" daemon [_thread_blocked, id=94, stack(0x00007f3648900000,0x00007f3648a00000)]
  0x00007f36305eda00 JavaThread "Bundle File Closer" daemon [_thread_blocked, id=96, stack(0x00007f3648700000,0x00007f3648800000)]
  0x00007f369c37d220 JavaThread "pool-3-thread-1" [_thread_blocked, id=97, stack(0x00007f3648500000,0x00007f3648600000)]
  0x00007f369c3cb410 JavaThread "pool-2-thread-1" [_thread_blocked, id=106, stack(0x00007f3648300000,0x00007f3648400000)]
  0x00007f3600000ff0 JavaThread "Worker-4: Java indexing... " [_thread_blocked, id=108, stack(0x00007f3649300000,0x00007f3649400000)]
  0x00007f361c2f8df0 JavaThread "Worker-5: Periodic workspace save." [_thread_blocked, id=227, stack(0x00007f3647f00000,0x00007f3648000000)]
  0x00007f36180280d0 JavaThread "Worker-7" [_thread_blocked, id=2944, stack(0x00007f3648b00000,0x00007f3648c00000)]
  0x00007f360c0ecb80 JavaThread "Thread-5" [_thread_blocked, id=3256, stack(0x00007f3647e00000,0x00007f3647f00000)]
  0x00007f360c0ebf70 JavaThread "Thread-6" [_thread_blocked, id=3607, stack(0x00007f3648100000,0x00007f3648200000)]
  0x00007f360c13fa90 JavaThread "Thread-7" [_thread_blocked, id=6692, stack(0x00007f3648f00000,0x00007f3649000000)]

Other Threads:
  0x00007f369c0a1bf0 VMThread "VM Thread" [stack: 0x00007f3682300000,0x00007f3682400000] [id=37] _threads_hazard_ptr=0x00007f360c064270
  0x00007f369c121b00 WatcherThread [stack: 0x00007f3681318000,0x00007f3681418000] [id=49]
  0x00007f369c03df10 GCTaskThread "GC Thread#0" [stack: 0x00007f36a11cf000,0x00007f36a12cf000] [id=36]

Threads with active compile tasks:
JVMCI-native CompilerThread0  1179908 9213       4       org.eclipse.jdt.internal.core.JrtPackageFragmentRoot::getPackageFragment (10 bytes)

VM state: synchronizing (normal execution)

VM Mutex/Monitor currently owned by a thread:  ([mutex/lock_event])
[0x00007f369c023820] Threads_lock - owner thread: 0x00007f369c0a1bf0
[0x00007f369c023fd0] Heap_lock - owner thread: 0x00007f3600000ff0

OutOfMemory and StackOverflow Exception counts:
OutOfMemoryError java_heap_errors=2
LinkageErrors=49

Heap address: 0x00000000e0000000, size: 512 MB, Compressed Oops mode: 32-bit

CDS archive(s) mapped at: [0x0000000800000000-0x0000000800bc8000-0x0000000800bc8000), size 12353536, SharedBaseAddress: 0x0000000800000000, ArchiveRelocationMode: 0.
Compressed class space mapped at: 0x0000000800c00000-0x0000000840c00000, reserved size: 1073741824
Narrow klass base: 0x0000000800000000, Narrow klass shift: 0, Narrow klass range: 0x100000000

GC Precious Log:
 CPUs: 8 total, 1 available
 Memory: 1024M
 Large Page Support: Disabled
 NUMA Support: Disabled
 Compressed Oops: Enabled (32-bit)
 Alignments: Space 512K, Generation 512K, Heap 2M
 Heap Min Capacity: 100M
 Heap Initial Capacity: 100M
 Heap Max Capacity: 512M
 Pre-touch: Disabled
 Parallel Workers: 1

Heap:
 PSYoungGen      total 34304K, used 25599K [0x00000000f5580000, 0x00000000f8480000, 0x0000000100000000)
  eden space 25600K, 99% used [0x00000000f5580000,0x00000000f6e7fff8,0x00000000f6e80000)
  from space 8704K, 0% used [0x00000000f7c00000,0x00000000f7c00000,0x00000000f8480000)
  to   space 10752K, 0% used [0x00000000f6e80000,0x00000000f6e80000,0x00000000f7900000)
 ParOldGen       total 349696K, used 349695K [0x00000000e0000000, 0x00000000f5580000, 0x00000000f5580000)
  object space 349696K, 99% used [0x00000000e0000000,0x00000000f557fff8,0x00000000f5580000)
 Metaspace       used 55697K, committed 56512K, reserved 1105920K
  class space    used 5465K, committed 5760K, reserved 1048576K

Card table byte_map: [0x00007f36a12cf000,0x00007f36a13d0000] _byte_map_base: 0x00007f36a0bcf000

Marking Bits: (ParMarkBitMap*) 0x00007f36a2a1f4c0
 Begin Bits: [0x00007f36a0122000, 0x00007f36a0922000)
 End Bits:   [0x00007f36a0922000, 0x00007f36a1122000)

Polling page: 0x00007f36a15e9000

Metaspace:

Usage:
  Non-class:     49.05 MB used.
      Class:      5.34 MB used.
       Both:     54.39 MB used.

Virtual space:
  Non-class space:       56.00 MB reserved,      49.56 MB ( 89%) committed,  7 nodes.
      Class space:        1.00 GB reserved,       5.62 MB ( <1%) committed,  1 nodes.
             Both:        1.05 GB reserved,      55.19 MB (  5%) committed. 

Chunk freelists:
   Non-Class:  2.24 MB
       Class:  2.35 MB
        Both:  4.59 MB

MaxMetaspaceSize: unlimited
CompressedClassSpaceSize: 1.00 GB
Initial GC threshold: 21.00 MB
Current GC threshold: 91.81 MB
CDS: on
MetaspaceReclaimPolicy: balanced
 - commit_granule_bytes: 65536.
 - commit_granule_words: 8192.
 - virtual_space_node_default_size: 1048576.
 - enlarge_chunks_in_place: 1.
 - new_chunks_are_fully_committed: 0.
 - uncommit_free_chunks: 1.
 - use_allocation_guard: 0.
 - handle_deallocations: 1.


Internal statistics:

num_allocs_failed_limit: 6.
num_arena_births: 376.
num_arena_deaths: 74.
num_vsnodes_births: 8.
num_vsnodes_deaths: 0.
num_space_committed: 882.
num_space_uncommitted: 0.
num_chunks_returned_to_freelist: 98.
num_chunks_taken_from_freelist: 2448.
num_chunk_merges: 35.
num_chunk_splits: 1625.
num_chunks_enlarged: 1077.
num_purges: 4.
num_inconsistent_stats: 0.

CodeHeap 'non-profiled nmethods': size=120036Kb used=2475Kb max_used=2495Kb free=117560Kb
 bounds [0x00007f368af7a000, 0x00007f368b1ea000, 0x00007f36924b3000]
CodeHeap 'profiled nmethods': size=120032Kb used=14156Kb max_used=16439Kb free=105875Kb
 bounds [0x00007f3683a42000, 0x00007f3684a62000, 0x00007f368af7a000]
CodeHeap 'non-nmethods': size=5692Kb used=1394Kb max_used=1403Kb free=4297Kb
 bounds [0x00007f36834b3000, 0x00007f3683723000, 0x00007f3683a42000]
 total_blobs=7155 nmethods=6433 adapters=616
 compilation: enabled
              stopped_count=0, restarted_count=0
 full_count=0

JVMCI Events (20 events):
Event: 1029.066 Thread 0x00007f369c0b21e0 compacted oop handles in JVMCI runtime 0 from 47 to 47
Event: 1029.066 Thread 0x00007f369c0b21e0 releasing handles for JVMCI runtime 0: oop handles=47, metadata handles={total=96, live=81, blocks=38}
Event: 1029.066 Thread 0x00007f369c0b21e0 detached from JVMCI runtime 0
Event: 1061.802 Thread 0x00007f369c0b21e0 attached to JVMCI runtime 0
Event: 1061.856 Thread 0x00007f369c0b21e0 created JavaVM[9]@0x00007f364739e340 for JVMCI runtime 0
Event: 1063.117 Thread 0x00007f369c0b21e0 initializing JVMCI runtime 0
Event: 1063.117 Thread 0x00007f369c0b21e0 done waiting for JavaVM references initialization in JVMCI runtime 0
Event: 1102.885 Thread 0x00007f369c0b21e0 initialized JVMCI runtime 0
Event: 1109.569 Thread 0x00007f369c0b21e0 compacted oop handles in JVMCI runtime 0 from 53 to 52
Event: 1110.807 Thread 0x00007f369c0b21e0 detaching from JVMCI runtime 0: releasing idle compiler thread (0 other threads still attached)
Event: 1110.807 Thread 0x00007f369c0b21e0 shutting down HotSpotJVMCIRuntime for JVMCI runtime 0
Event: 1110.807 Thread 0x00007f369c0b21e0 shut down JVMCI runtime 0
Event: 1112.180 Thread 0x00007f369c0b21e0 destroyed JavaVM[9]@0x00007f364739e340 for JVMCI runtime 0
Event: 1112.180 Thread 0x00007f369c0b21e0 compacted oop handles in JVMCI runtime 0 from 56 to 56
Event: 1112.180 Thread 0x00007f369c0b21e0 releasing handles for JVMCI runtime 0: oop handles=56, metadata handles={total=97, live=97, blocks=38}
Event: 1112.180 Thread 0x00007f369c0b21e0 detached from JVMCI runtime 0
Event: 1113.491 Thread 0x00007f369c0b21e0 attached to JVMCI runtime 0
Event: 1113.492 Thread 0x00007f369c0b21e0 created JavaVM[10]@0x00007f364739e340 for JVMCI runtime 0
Event: 1113.492 Thread 0x00007f369c0b21e0 initializing JVMCI runtime 0
Event: 1113.492 Thread 0x00007f369c0b21e0 done waiting for JavaVM references initialization in JVMCI runtime 0

Compilation events (20 events):
Event: 997.663 Thread 0x00007f369c0b36f0 9206       3       java.lang.invoke.VarHandleReferences$FieldInstanceReadWrite::set (35 bytes)
Event: 997.663 Thread 0x00007f369c0b36f0 nmethod 9206 0x00007f36840d8490 code [0x00007f36840d86c0, 0x00007f36840d9000]
Event: 1000.080 Thread 0x00007f369c0b36f0 9207       3       com.google.gson.stream.JsonReader::nextName (116 bytes)
Event: 1003.889 Thread 0x00007f369c0b36f0 nmethod 9207 0x00007f3683d81d10 code [0x00007f3683d81fe0, 0x00007f3683d83440]
Event: 1012.976 Thread 0x00007f369c0b36f0 9208       3       java.util.ImmutableCollections$ListItr::hasNext (17 bytes)
Event: 1012.976 Thread 0x00007f369c0b36f0 nmethod 9208 0x00007f3683be6690 code [0x00007f3683be6820, 0x00007f3683be6990]
Event: 1023.089 Thread 0x00007f369c0b21e0 nmethod 9204 0x00007f368b0fa010 code [0x00007f368b0fa1a0, 0x00007f368b0fa410]
Event: 1023.089 Thread 0x00007f369c0b21e0 9205   !   4       jdk.internal.ref.PhantomCleanable::insert (53 bytes)
Event: 1025.584 Thread 0x00007f369c0b21e0 nmethod 9205 0x00007f368b0f9b10 code [0x00007f368b0f9ca0, 0x00007f368b0f9f20]
Event: 1031.293 Thread 0x00007f369c0b36f0 9209       3       java.lang.CompoundEnumeration::next (58 bytes)
Event: 1031.293 Thread 0x00007f369c0b36f0 nmethod 9209 0x00007f3683fa0c90 code [0x00007f3683fa0e60, 0x00007f3683fa1300]
Event: 1061.802 Thread 0x00007f369c0b21e0 9210       4       jdk.internal.ref.PhantomCleanable::<init> (49 bytes)
Event: 1081.599 Thread 0x00007f369c0b36f0 9211       1       org.eclipse.jdt.internal.compiler.env.IModuleAwareNameEnvironment$LookupStrategy$3::matchesWithName (2 bytes)
Event: 1081.599 Thread 0x00007f369c0b36f0 nmethod 9211 0x00007f368b0f9810 code [0x00007f368b0f99a0, 0x00007f368b0f9a70]
Event: 1109.569 Thread 0x00007f369c0b21e0 nmethod 9210 0x00007f368b0f9010 code [0x00007f368b0f91a0, 0x00007f368b0f95a0]
Event: 1109.569 Thread 0x00007f369c0b21e0 9212       4       org.eclipse.core.internal.dtree.AbstractDataTreeNode::indexOfChild (75 bytes)
Event: 1109.579 Thread 0x00007f369c0b21e0 nmethod 9212 0x00007f368b0f8990 code [0x00007f368b0f8b20, 0x00007f368b0f8d88]
Event: 1113.491 Thread 0x00007f369c0b21e0 9213       4       org.eclipse.jdt.internal.core.JrtPackageFragmentRoot::getPackageFragment (10 bytes)
Event: 1128.560 Thread 0x00007f369c0b36f0 9215       3       org.eclipse.jdt.internal.core.ExternalFoldersManager::isInternalPathForExternalFolder (13 bytes)
Event: 1128.561 Thread 0x00007f369c0b36f0 nmethod 9215 0x00007f3683b73890 code [0x00007f3683b73a40, 0x00007f3683b73c80]

GC Heap History (20 events):
Event: 1164.683 GC heap before
{Heap before GC invocations=691 (full 611):
 PSYoungGen      total 34304K, used 25600K [0x00000000f5580000, 0x00000000f8480000, 0x0000000100000000)
  eden space 25600K, 100% used [0x00000000f5580000,0x00000000f6e80000,0x00000000f6e80000)
  from space 8704K, 0% used [0x00000000f7c00000,0x00000000f7c00000,0x00000000f8480000)
  to   space 10752K, 0% used [0x00000000f6e80000,0x00000000f6e80000,0x00000000f7900000)
 ParOldGen       total 349696K, used 349694K [0x00000000e0000000, 0x00000000f5580000, 0x00000000f5580000)
  object space 349696K, 99% used [0x00000000e0000000,0x00000000f557fbe8,0x00000000f5580000)
 Metaspace       used 55697K, committed 56512K, reserved 1105920K
  class space    used 5465K, committed 5760K, reserved 1048576K
}
Event: 1166.081 GC heap after
{Heap after GC invocations=691 (full 611):
 PSYoungGen      total 36352K, used 25600K [0x00000000f5580000, 0x00000000f8480000, 0x0000000100000000)
  eden space 25600K, 100% used [0x00000000f5580000,0x00000000f6e80000,0x00000000f6e80000)
  from space 10752K, 0% used [0x00000000f6e80000,0x00000000f6e80000,0x00000000f7900000)
  to   space 8704K, 0% used [0x00000000f7c00000,0x00000000f7c00000,0x00000000f8480000)
 ParOldGen       total 349696K, used 349694K [0x00000000e0000000, 0x00000000f5580000, 0x00000000f5580000)
  object space 349696K, 99% used [0x00000000e0000000,0x00000000f557fbd0,0x00000000f5580000)
 Metaspace       used 55697K, committed 56512K, reserved 1105920K
  class space    used 5465K, committed 5760K, reserved 1048576K
}
Event: 1166.082 GC heap before
{Heap before GC invocations=692 (full 612):
 PSYoungGen      total 36352K, used 25600K [0x00000000f5580000, 0x00000000f8480000, 0x0000000100000000)
  eden space 25600K, 100% used [0x00000000f5580000,0x00000000f6e80000,0x00000000f6e80000)
  from space 10752K, 0% used [0x00000000f6e80000,0x00000000f6e80000,0x00000000f7900000)
  to   space 8704K, 0% used [0x00000000f7c00000,0x00000000f7c00000,0x00000000f8480000)
 ParOldGen       total 349696K, used 349695K [0x00000000e0000000, 0x00000000f5580000, 0x00000000f5580000)
  object space 349696K, 99% used [0x00000000e0000000,0x00000000f557fff0,0x00000000f5580000)
 Metaspace       used 55697K, committed 56512K, reserved 1105920K
  class space    used 5465K, committed 5760K, reserved 1048576K
}
Event: 1167.300 GC heap after
{Heap after GC invocations=692 (full 612):
 PSYoungGen      total 34304K, used 25600K [0x00000000f5580000, 0x00000000f8480000, 0x0000000100000000)
  eden space 25600K, 100% used [0x00000000f5580000,0x00000000f6e80000,0x00000000f6e80000)
  from space 8704K, 0% used [0x00000000f7c00000,0x00000000f7c00000,0x00000000f8480000)
  to   space 10752K, 0% used [0x00000000f6e80000,0x00000000f6e80000,0x00000000f7900000)
 ParOldGen       total 349696K, used 349695K [0x00000000e0000000, 0x00000000f5580000, 0x00000000f5580000)
  object space 349696K, 99% used [0x00000000e0000000,0x00000000f557fff0,0x00000000f5580000)
 Metaspace       used 55697K, committed 56512K, reserved 1105920K
  class space    used 5465K, committed 5760K, reserved 1048576K
}
Event: 1167.300 GC heap before
{Heap before GC invocations=693 (full 613):
 PSYoungGen      total 34304K, used 25600K [0x00000000f5580000, 0x00000000f8480000, 0x0000000100000000)
  eden space 25600K, 100% used [0x00000000f5580000,0x00000000f6e80000,0x00000000f6e80000)
  from space 8704K, 0% used [0x00000000f7c00000,0x00000000f7c00000,0x00000000f8480000)
  to   space 10752K, 0% used [0x00000000f6e80000,0x00000000f6e80000,0x00000000f7900000)
 ParOldGen       total 349696K, used 349695K [0x00000000e0000000, 0x00000000f5580000, 0x00000000f5580000)
  object space 349696K, 99% used [0x00000000e0000000,0x00000000f557fff0,0x00000000f5580000)
 Metaspace       used 55697K, committed 56512K, reserved 1105920K
  class space    used 5465K, committed 5760K, reserved 1048576K
}
Event: 1168.510 GC heap after
{Heap after GC invocations=693 (full 613):
 PSYoungGen      total 36352K, used 25599K [0x00000000f5580000, 0x00000000f8480000, 0x0000000100000000)
  eden space 25600K, 99% used [0x00000000f5580000,0x00000000f6e7ff78,0x00000000f6e80000)
  from space 10752K, 0% used [0x00000000f6e80000,0x00000000f6e80000,0x00000000f7900000)
  to   space 8704K, 0% used [0x00000000f7c00000,0x00000000f7c00000,0x00000000f8480000)
 ParOldGen       total 349696K, used 349694K [0x00000000e0000000, 0x00000000f5580000, 0x00000000f5580000)
  object space 349696K, 99% used [0x00000000e0000000,0x00000000f557fb68,0x00000000f5580000)
 Metaspace       used 55697K, committed 56512K, reserved 1105920K
  class space    used 5465K, committed 5760K, reserved 1048576K
}
Event: 1168.556 GC heap before
{Heap before GC invocations=694 (full 614):
 PSYoungGen      total 36352K, used 25599K [0x00000000f5580000, 0x00000000f8480000, 0x0000000100000000)
  eden space 25600K, 99% used [0x00000000f5580000,0x00000000f6e7fff8,0x00000000f6e80000)
  from space 10752K, 0% used [0x00000000f6e80000,0x00000000f6e80000,0x00000000f7900000)
  to   space 8704K, 0% used [0x00000000f7c00000,0x00000000f7c00000,0x00000000f8480000)
 ParOldGen       total 349696K, used 349695K [0x00000000e0000000, 0x00000000f5580000, 0x00000000f5580000)
  object space 349696K, 99% used [0x00000000e0000000,0x00000000f557fee8,0x00000000f5580000)
 Metaspace       used 55697K, committed 56512K, reserved 1105920K
  class space    used 5465K, committed 5760K, reserved 1048576K
}
Event: 1169.716 GC heap after
{Heap after GC invocations=694 (full 614):
 PSYoungGen      total 34304K, used 25599K [0x00000000f5580000, 0x00000000f8480000, 0x0000000100000000)
  eden space 25600K, 99% used [0x00000000f5580000,0x00000000f6e7fff8,0x00000000f6e80000)
  from space 8704K, 0% used [0x00000000f7c00000,0x00000000f7c00000,0x00000000f8480000)
  to   space 10752K, 0% used [0x00000000f6e80000,0x00000000f6e80000,0x00000000f7900000)
 ParOldGen       total 349696K, used 349695K [0x00000000e0000000, 0x00000000f5580000, 0x00000000f5580000)
  object space 349696K, 99% used [0x00000000e0000000,0x00000000f557fee8,0x00000000f5580000)
 Metaspace       used 55697K, committed 56512K, reserved 1105920K
  class space    used 5465K, committed 5760K, reserved 1048576K
}
Event: 1169.716 GC heap before
{Heap before GC invocations=695 (full 615):
 PSYoungGen      total 34304K, used 25599K [0x00000000f5580000, 0x00000000f8480000, 0x0000000100000000)
  eden space 25600K, 99% used [0x00000000f5580000,0x00000000f6e7fff8,0x00000000f6e80000)
  from space 8704K, 0% used [0x00000000f7c00000,0x00000000f7c00000,0x00000000f8480000)
  to   space 10752K, 0% used [0x00000000f6e80000,0x00000000f6e80000,0x00000000f7900000)
 ParOldGen       total 349696K, used 349695K [0x00000000e0000000, 0x00000000f5580000, 0x00000000f5580000)
  object space 349696K, 99% used [0x00000000e0000000,0x00000000f557fee8,0x00000000f5580000)
 Metaspace       used 55697K, committed 56512K, reserved 1105920K
  class space    used 5465K, committed 5760K, reserved 1048576K
}
Event: 1170.981 GC heap after
{Heap after GC invocations=695 (full 615):
 PSYoungGen      total 36352K, used 25599K [0x00000000f5580000, 0x00000000f8480000, 0x0000000100000000)
  eden space 25600K, 99% used [0x00000000f5580000,0x00000000f6e7fff8,0x00000000f6e80000)
  from space 10752K, 0% used [0x00000000f6e80000,0x00000000f6e80000,0x00000000f7900000)
  to   space 8704K, 0% used [0x00000000f7c00000,0x00000000f7c00000,0x00000000f8480000)
 ParOldGen       total 349696K, used 349695K [0x00000000e0000000, 0x00000000f5580000, 0x00000000f5580000)
  object space 349696K, 99% used [0x00000000e0000000,0x00000000f557fee8,0x00000000f5580000)
 Metaspace       used 55697K, committed 56512K, reserved 1105920K
  class space    used 5465K, committed 5760K, reserved 1048576K
}
Event: 1170.982 GC heap before
{Heap before GC invocations=696 (full 616):
 PSYoungGen      total 36352K, used 25599K [0x00000000f5580000, 0x00000000f8480000, 0x0000000100000000)
  eden space 25600K, 99% used [0x00000000f5580000,0x00000000f6e7fff8,0x00000000f6e80000)
  from space 10752K, 0% used [0x00000000f6e80000,0x00000000f6e80000,0x00000000f7900000)
  to   space 8704K, 0% used [0x00000000f7c00000,0x00000000f7c00000,0x00000000f8480000)
 ParOldGen       total 349696K, used 349695K [0x00000000e0000000, 0x00000000f5580000, 0x00000000f5580000)
  object space 349696K, 99% used [0x00000000e0000000,0x00000000f557fef8,0x00000000f5580000)
 Metaspace       used 55697K, committed 56512K, reserved 1105920K
  class space    used 5465K, committed 5760K, reserved 1048576K
}
Event: 1173.197 GC heap after
{Heap after GC invocations=696 (full 616):
 PSYoungGen      total 34304K, used 25599K [0x00000000f5580000, 0x00000000f8480000, 0x0000000100000000)
  eden space 25600K, 99% used [0x00000000f5580000,0x00000000f6e7fff8,0x00000000f6e80000)
  from space 8704K, 0% used [0x00000000f7c00000,0x00000000f7c00000,0x00000000f8480000)
  to   space 10752K, 0% used [0x00000000f6e80000,0x00000000f6e80000,0x00000000f7900000)
 ParOldGen       total 349696K, used 349694K [0x00000000e0000000, 0x00000000f5580000, 0x00000000f5580000)
  object space 349696K, 99% used [0x00000000e0000000,0x00000000f557f948,0x00000000f5580000)
 Metaspace       used 55697K, committed 56512K, reserved 1105920K
  class space    used 5465K, committed 5760K, reserved 1048576K
}
Event: 1173.197 GC heap before
{Heap before GC invocations=697 (full 617):
 PSYoungGen      total 34304K, used 25599K [0x00000000f5580000, 0x00000000f8480000, 0x0000000100000000)
  eden space 25600K, 99% used [0x00000000f5580000,0x00000000f6e7fff8,0x00000000f6e80000)
  from space 8704K, 0% used [0x00000000f7c00000,0x00000000f7c00000,0x00000000f8480000)
  to   space 10752K, 0% used [0x00000000f6e80000,0x00000000f6e80000,0x00000000f7900000)
 ParOldGen       total 349696K, used 349695K [0x00000000e0000000, 0x00000000f5580000, 0x00000000f5580000)
  object space 349696K, 99% used [0x00000000e0000000,0x00000000f557feb8,0x00000000f5580000)
 Metaspace       used 55697K, committed 56512K, reserved 1105920K
  class space    used 5465K, committed 5760K, reserved 1048576K
}
Event: 1174.774 GC heap after
{Heap after GC invocations=697 (full 617):
 PSYoungGen      total 36352K, used 25599K [0x00000000f5580000, 0x00000000f8480000, 0x0000000100000000)
  eden space 25600K, 99% used [0x00000000f5580000,0x00000000f6e7ffe0,0x00000000f6e80000)
  from space 10752K, 0% used [0x00000000f6e80000,0x00000000f6e80000,0x00000000f7900000)
  to   space 8704K, 0% used [0x00000000f7c00000,0x00000000f7c00000,0x00000000f8480000)
 ParOldGen       total 349696K, used 349694K [0x00000000e0000000, 0x00000000f5580000, 0x00000000f5580000)
  object space 349696K, 99% used [0x00000000e0000000,0x00000000f557f9f0,0x00000000f5580000)
 Metaspace       used 55697K, committed 56512K, reserved 1105920K
  class space    used 5465K, committed 5760K, reserved 1048576K
}
Event: 1174.774 GC heap before
{Heap before GC invocations=698 (full 618):
 PSYoungGen      total 36352K, used 25599K [0x00000000f5580000, 0x00000000f8480000, 0x0000000100000000)
  eden space 25600K, 99% used [0x00000000f5580000,0x00000000f6e7fff0,0x00000000f6e80000)
  from space 10752K, 0% used [0x00000000f6e80000,0x00000000f6e80000,0x00000000f7900000)
  to   space 8704K, 0% used [0x00000000f7c00000,0x00000000f7c00000,0x00000000f8480000)
 ParOldGen       total 349696K, used 349694K [0x00000000e0000000, 0x00000000f5580000, 0x00000000f5580000)
  object space 349696K, 99% used [0x00000000e0000000,0x00000000f557f9f0,0x00000000f5580000)
 Metaspace       used 55697K, committed 56512K, reserved 1105920K
  class space    used 5465K, committed 5760K, reserved 1048576K
}
Event: 1176.581 GC heap after
{Heap after GC invocations=698 (full 618):
 PSYoungGen      total 34304K, used 25599K [0x00000000f5580000, 0x00000000f8480000, 0x0000000100000000)
  eden space 25600K, 99% used [0x00000000f5580000,0x00000000f6e7ffe0,0x00000000f6e80000)
  from space 8704K, 0% used [0x00000000f7c00000,0x00000000f7c00000,0x00000000f8480000)
  to   space 10752K, 0% used [0x00000000f6e80000,0x00000000f6e80000,0x00000000f7900000)
 ParOldGen       total 349696K, used 349694K [0x00000000e0000000, 0x00000000f5580000, 0x00000000f5580000)
  object space 349696K, 99% used [0x00000000e0000000,0x00000000f557f9f0,0x00000000f5580000)
 Metaspace       used 55697K, committed 56512K, reserved 1105920K
  class space    used 5465K, committed 5760K, reserved 1048576K
}
Event: 1176.581 GC heap before
{Heap before GC invocations=699 (full 619):
 PSYoungGen      total 34304K, used 25599K [0x00000000f5580000, 0x00000000f8480000, 0x0000000100000000)
  eden space 25600K, 99% used [0x00000000f5580000,0x00000000f6e7fff8,0x00000000f6e80000)
  from space 8704K, 0% used [0x00000000f7c00000,0x00000000f7c00000,0x00000000f8480000)
  to   space 10752K, 0% used [0x00000000f6e80000,0x00000000f6e80000,0x00000000f7900000)
 ParOldGen       total 349696K, used 349694K [0x00000000e0000000, 0x00000000f5580000, 0x00000000f5580000)
  object space 349696K, 99% used [0x00000000e0000000,0x00000000f557f9f0,0x00000000f5580000)
 Metaspace       used 55697K, committed 56512K, reserved 1105920K
  class space    used 5465K, committed 5760K, reserved 1048576K
}
Event: 1178.270 GC heap after
{Heap after GC invocations=699 (full 619):
 PSYoungGen      total 36352K, used 25599K [0x00000000f5580000, 0x00000000f8480000, 0x0000000100000000)
  eden space 25600K, 99% used [0x00000000f5580000,0x00000000f6e7fff8,0x00000000f6e80000)
  from space 10752K, 0% used [0x00000000f6e80000,0x00000000f6e80000,0x00000000f7900000)
  to   space 8704K, 0% used [0x00000000f7c00000,0x00000000f7c00000,0x00000000f8480000)
 ParOldGen       total 349696K, used 349694K [0x00000000e0000000, 0x00000000f5580000, 0x00000000f5580000)
  object space 349696K, 99% used [0x00000000e0000000,0x00000000f557f9f0,0x00000000f5580000)
 Metaspace       used 55697K, committed 56512K, reserved 1105920K
  class space    used 5465K, committed 5760K, reserved 1048576K
}
Event: 1178.270 GC heap before
{Heap before GC invocations=700 (full 620):
 PSYoungGen      total 36352K, used 25599K [0x00000000f5580000, 0x00000000f8480000, 0x0000000100000000)
  eden space 25600K, 99% used [0x00000000f5580000,0x00000000f6e7fff8,0x00000000f6e80000)
  from space 10752K, 0% used [0x00000000f6e80000,0x00000000f6e80000,0x00000000f7900000)
  to   space 8704K, 0% used [0x00000000f7c00000,0x00000000f7c00000,0x00000000f8480000)
 ParOldGen       total 349696K, used 349694K [0x00000000e0000000, 0x00000000f5580000, 0x00000000f5580000)
  object space 349696K, 99% used [0x00000000e0000000,0x00000000f557f9f0,0x00000000f5580000)
 Metaspace       used 55697K, committed 56512K, reserved 1105920K
  class space    used 5465K, committed 5760K, reserved 1048576K
}
Event: 1179.869 GC heap after
{Heap after GC invocations=700 (full 620):
 PSYoungGen      total 34304K, used 25599K [0x00000000f5580000, 0x00000000f8480000, 0x0000000100000000)
  eden space 25600K, 99% used [0x00000000f5580000,0x00000000f6e7fff8,0x00000000f6e80000)
  from space 8704K, 0% used [0x00000000f7c00000,0x00000000f7c00000,0x00000000f8480000)
  to   space 10752K, 0% used [0x00000000f6e80000,0x00000000f6e80000,0x00000000f7900000)
 ParOldGen       total 349696K, used 349694K [0x00000000e0000000, 0x00000000f5580000, 0x00000000f5580000)
  object space 349696K, 99% used [0x00000000e0000000,0x00000000f557f9f0,0x00000000f5580000)
 Metaspace       used 55697K, committed 56512K, reserved 1105920K
  class space    used 5465K, committed 5760K, reserved 1048576K
}

Dll operation events (9 events):
Event: 0.009 Loaded shared library /nix/store/gpxl5qgg8kicmcvivwmybwjlpf7wh20l-graalvm17-ce-22.3.0/lib/libjava.so
Event: 0.038 Loaded shared library /nix/store/gpxl5qgg8kicmcvivwmybwjlpf7wh20l-graalvm17-ce-22.3.0/lib/libjsvml.so
Event: 0.437 Loaded shared library /nix/store/gpxl5qgg8kicmcvivwmybwjlpf7wh20l-graalvm17-ce-22.3.0/lib/libnio.so
Event: 0.460 Loaded shared library /nix/store/gpxl5qgg8kicmcvivwmybwjlpf7wh20l-graalvm17-ce-22.3.0/lib/libzip.so
Event: 0.473 Loaded shared library /nix/store/gpxl5qgg8kicmcvivwmybwjlpf7wh20l-graalvm17-ce-22.3.0/lib/libjvmcicompiler.so
Event: 1.271 Loaded shared library /nix/store/gpxl5qgg8kicmcvivwmybwjlpf7wh20l-graalvm17-ce-22.3.0/lib/libjimage.so
Event: 2.161 Loaded shared library /nix/store/gpxl5qgg8kicmcvivwmybwjlpf7wh20l-graalvm17-ce-22.3.0/lib/libnet.so
Event: 5.995 Loaded shared library /home/runner/.cache/jdt-language-server/config/org.eclipse.equinox.launcher/org.eclipse.equinox.launcher.gtk.linux.x86_64_1.2.400.v20211117-0650/eclipse_11600.so
Event: 15.285 Loaded shared library /nix/store/gpxl5qgg8kicmcvivwmybwjlpf7wh20l-graalvm17-ce-22.3.0/lib/libextnet.so

Deoptimization events (20 events):
Event: 111.359 Thread 0x00007f3630483be0 DEOPT PACKING pc=0x00007f3683a85d5d sp=0x00007f36489fe530
Event: 111.359 Thread 0x00007f3630483be0 DEOPT UNPACKING pc=0x00007f3683505325 sp=0x00007f36489fda20 mode 0
Event: 111.360 Thread 0x00007f3630483be0 DEOPT PACKING pc=0x00007f3683a85d5d sp=0x00007f36489fe530
Event: 111.360 Thread 0x00007f3630483be0 DEOPT UNPACKING pc=0x00007f3683505325 sp=0x00007f36489fda20 mode 0
Event: 111.363 Thread 0x00007f3630483be0 DEOPT PACKING pc=0x00007f3683b10a1b sp=0x00007f36489fe490
Event: 111.363 Thread 0x00007f3630483be0 DEOPT UNPACKING pc=0x00007f3683505325 sp=0x00007f36489fd948 mode 0
Event: 111.367 Thread 0x00007f3630483be0 DEOPT PACKING pc=0x00007f3683a85d5d sp=0x00007f36489fe530
Event: 111.367 Thread 0x00007f3630483be0 DEOPT UNPACKING pc=0x00007f3683505325 sp=0x00007f36489fda20 mode 0
Event: 111.369 Thread 0x00007f3630483be0 DEOPT PACKING pc=0x00007f3683a85d5d sp=0x00007f36489fe530
Event: 111.369 Thread 0x00007f3630483be0 DEOPT UNPACKING pc=0x00007f3683505325 sp=0x00007f36489fda20 mode 0
Event: 426.964 Thread 0x00007f369c3cb410 Uncommon trap: trap_request=0xffffffed fr.pc=0x00007f368b067bc8 relative=0x0000000000000328
Event: 426.964 Thread 0x00007f369c3cb410 Uncommon trap: reason=null_assert_or_unreached0 action=reinterpret pc=0x00007f368b067bc8 method=java.io.BufferedOutputStream.write([BII)V @ 0 jvmci
Event: 426.964 Thread 0x00007f369c3cb410 DEOPT PACKING pc=0x00007f368b067bc8 sp=0x00007f36483fceb0
Event: 426.964 Thread 0x00007f369c3cb410 DEOPT UNPACKING pc=0x00007f3683505325 sp=0x00007f36483fc368 mode 3
Event: 629.164 Thread 0x00007f369c0b21e0 DEOPT PACKING pc=0x00007f3683b90370 sp=0x00007f3681b15ef0
Event: 629.164 Thread 0x00007f369c0b21e0 DEOPT UNPACKING pc=0x00007f3683505325 sp=0x00007f3681b15458 mode 0
Event: 1170.981 Thread 0x00007f369c3cb410 Uncommon trap: trap_request=0xffffff8f fr.pc=0x00007f368af90a41 relative=0x0000000000000661
Event: 1170.981 Thread 0x00007f369c3cb410 Uncommon trap: reason=constraint action=none pc=0x00007f368af90a41 method=java.util.HashMap.resize()[Ljava/util/HashMap$Node; @ 131 jvmci
Event: 1170.981 Thread 0x00007f369c3cb410 DEOPT PACKING pc=0x00007f368af90a41 sp=0x00007f36483fc960
Event: 1170.981 Thread 0x00007f369c3cb410 DEOPT UNPACKING pc=0x00007f3683505325 sp=0x00007f36483fbdb8 mode 3

Classes unloaded (20 events):
Event: 121.177 Thread 0x00007f369c0a1bf0 Unloading class 0x0000000800eec000 'jdk/internal/reflect/GeneratedConstructorAccessor8'
Event: 121.177 Thread 0x00007f369c0a1bf0 Unloading class 0x0000000800d99000 'java/lang/invoke/LambdaForm$MH+0x0000000800d99000'
Event: 121.177 Thread 0x00007f369c0a1bf0 Unloading class 0x0000000800d98c00 'java/lang/invoke/LambdaForm$MH+0x0000000800d98c00'
Event: 121.177 Thread 0x00007f369c0a1bf0 Unloading class 0x0000000800d98800 'java/lang/invoke/LambdaForm$MH+0x0000000800d98800'
Event: 121.177 Thread 0x00007f369c0a1bf0 Unloading class 0x0000000800d98400 'java/lang/invoke/LambdaForm$MH+0x0000000800d98400'
Event: 121.177 Thread 0x00007f369c0a1bf0 Unloading class 0x0000000800d98000 'jdk/internal/reflect/GeneratedConstructorAccessor3'
Event: 121.177 Thread 0x00007f369c0a1bf0 Unloading class 0x0000000800d06800 'java/lang/invoke/LambdaForm$MH+0x0000000800d06800'
Event: 121.177 Thread 0x00007f369c0a1bf0 Unloading class 0x0000000800d06000 'java/lang/invoke/LambdaForm$MH+0x0000000800d06000'
Event: 121.177 Thread 0x00007f369c0a1bf0 Unloading class 0x0000000800d05c00 'java/lang/invoke/LambdaForm$MH+0x0000000800d05c00'
Event: 121.177 Thread 0x00007f369c0a1bf0 Unloading class 0x0000000800d05800 'java/lang/invoke/LambdaForm$MH+0x0000000800d05800'
Event: 121.177 Thread 0x00007f369c0a1bf0 Unloading class 0x0000000800d05000 'java/lang/invoke/LambdaForm$MH+0x0000000800d05000'
Event: 121.177 Thread 0x00007f369c0a1bf0 Unloading class 0x0000000800d04c00 'java/lang/invoke/LambdaForm$MH+0x0000000800d04c00'
Event: 121.177 Thread 0x00007f369c0a1bf0 Unloading class 0x0000000800d04800 'java/lang/invoke/LambdaForm$MH+0x0000000800d04800'
Event: 121.177 Thread 0x00007f369c0a1bf0 Unloading class 0x0000000800d04000 'java/lang/invoke/LambdaForm$MH+0x0000000800d04000'
Event: 121.177 Thread 0x00007f369c0a1bf0 Unloading class 0x0000000800c1d000 'jdk/internal/reflect/GeneratedMethodAccessor5'
Event: 121.177 Thread 0x00007f369c0a1bf0 Unloading class 0x0000000800c1cc00 'jdk/internal/reflect/GeneratedMethodAccessor4'
Event: 121.177 Thread 0x00007f369c0a1bf0 Unloading class 0x0000000800c1c800 'jdk/internal/reflect/GeneratedMethodAccessor3'
Event: 121.177 Thread 0x00007f369c0a1bf0 Unloading class 0x0000000800c1c400 'jdk/internal/reflect/GeneratedMethodAccessor2'
Event: 121.177 Thread 0x00007f369c0a1bf0 Unloading class 0x0000000800c1c000 'jdk/internal/reflect/GeneratedMethodAccessor1'
Event: 121.177 Thread 0x00007f369c0a1bf0 Unloading class 0x0000000800c01c00 'java/lang/invoke/LambdaForm$DMH+0x0000000800c01c00'

Classes redefined (0 events):
No events

Internal exceptions (20 events):
Event: 71.376 Thread 0x00007f3624007440 Exception <a 'sun/nio/fs/UnixException'{0x00000000f57c00d0}> (0x00000000f57c00d0) 
thrown [src/hotspot/share/prims/jni.cpp, line 516]
Event: 71.377 Thread 0x00007f3624007440 Exception <a 'sun/nio/fs/UnixException'{0x00000000f57c0c60}> (0x00000000f57c0c60) 
thrown [src/hotspot/share/prims/jni.cpp, line 516]
Event: 71.382 Thread 0x00007f3624007440 Exception <a 'sun/nio/fs/UnixException'{0x00000000f58287d8}> (0x00000000f58287d8) 
thrown [src/hotspot/share/prims/jni.cpp, line 516]
Event: 71.383 Thread 0x00007f3624007440 Exception <a 'sun/nio/fs/UnixException'{0x00000000f582b8c8}> (0x00000000f582b8c8) 
thrown [src/hotspot/share/prims/jni.cpp, line 516]
Event: 71.384 Thread 0x00007f3624007440 Exception <a 'sun/nio/fs/UnixException'{0x00000000f582c6a8}> (0x00000000f582c6a8) 
thrown [src/hotspot/share/prims/jni.cpp, line 516]
Event: 71.412 Thread 0x00007f3624007440 Exception <a 'sun/nio/fs/UnixException'{0x00000000f58f16a0}> (0x00000000f58f16a0) 
thrown [src/hotspot/share/prims/jni.cpp, line 516]
Event: 71.479 Thread 0x00007f3624007440 Exception <a 'java/lang/NoSuchMethodError'{0x00000000f5bd9b28}: 'int java.lang.invoke.DirectMethodHandle$Holder.invokeVirtual(java.lang.Object, java.lang.Object)'> (0x00000000f5bd9b28) 
thrown [src/hotspot/share/interpreter/linkResolver.cpp, line 758]
Event: 71.857 Thread 0x00007f3624007440 Exception <a 'sun/nio/fs/UnixException'{0x00000000f645a818}> (0x00000000f645a818) 
thrown [src/hotspot/share/prims/jni.cpp, line 516]
Event: 72.182 Thread 0x00007f3624007440 Exception <a 'sun/nio/fs/UnixException'{0x00000000f6b4c230}> (0x00000000f6b4c230) 
thrown [src/hotspot/share/prims/jni.cpp, line 516]
Event: 72.296 Thread 0x00007f3624007440 Exception <a 'sun/nio/fs/UnixException'{0x00000000f6cc9528}> (0x00000000f6cc9528) 
thrown [src/hotspot/share/prims/jni.cpp, line 516]
Event: 73.890 Thread 0x00007f360c0ecb80 Exception <a 'java/lang/NoSuchMethodError'{0x00000000f6bfd968}: 'java.lang.Object java.lang.invoke.DirectMethodHandle$Holder.invokeStatic(java.lang.Object, int, java.lang.Object, java.lang.Object, java.lang.Object, java.lang.Object)'> (0x00000000f6bfd968) 
thrown [src/hotspot/share/interpreter/linkResolver.cpp, line 758]
Event: 74.170 Thread 0x00007f360c0ebf70 Exception <a 'java/lang/NoSuchMethodError'{0x00000000f5899d88}: 'java.lang.Object java.lang.invoke.DirectMethodHandle$Holder.newInvokeSpecial(java.lang.Object, java.lang.Object, int, java.lang.Object, java.lang.Object, java.lang.Object, java.lang.Object)'> (0x00000000f5899d88) 
thrown [src/hotspot/share/interpreter/linkResolver.cpp, line 758]
Event: 74.171 Thread 0x00007f360c0ebf70 Exception <a 'java/lang/NoSuchMethodError'{0x00000000f59708b8}: 'java.lang.Object java.lang.invoke.DirectMethodHandle$Holder.invokeSpecial(java.lang.Object, java.lang.Object, java.lang.Object, int, java.lang.Object, java.lang.Object, java.lang.Object, java.lang.Object)'> (0x00000000f59708b8) 
thrown [src/hotspot/share/interpreter/linkResolver.cpp, line 758]
Event: 74.172 Thread 0x00007f360c0f30f0 Exception <a 'java/lang/NoSuchMethodError'{0x00000000f5911138}: 'java.lang.Object java.lang.invoke.Invokers$Holder.linkToTargetMethod(java.lang.Object, int, java.lang.Object, java.lang.Object, java.lang.Object, java.lang.Object, java.lang.Object)'> (0x00000000f5911138) 
thrown [src/hotspot/share/interpreter/linkResolver.cpp, line 758]
Event: 74.466 Thread 0x00007f360c0f30f0 Exception <a 'java/lang/NoSuchMethodError'{0x00000000f624b6a8}: 'void java.lang.invoke.DirectMethodHandle$Holder.invokeSpecial(java.lang.Object, java.lang.Object, int)'> (0x00000000f624b6a8) 
thrown [src/hotspot/share/interpreter/linkResolver.cpp, line 758]
Event: 77.361 Thread 0x00007f360c0ecb80 Exception <a 'java/lang/NoSuchMethodError'{0x00000000f58c4118}: 'int java.lang.invoke.DirectMethodHandle$Holder.invokeSpecialIFC(java.lang.Object, java.lang.Object, java.lang.Object, java.lang.Object)'> (0x00000000f58c4118) 
thrown [src/hotspot/share/interpreter/linkResolver.cpp, line 758]
Event: 92.280 Thread 0x00007f3630483be0 Implicit null exception at 0x00007f368b156e15 to 0x00007f368b1574fe
Event: 1170.981 Thread 0x00007f369c3cb410 Exception <a 'java/lang/OutOfMemoryError'{0x00000000e0010d88}> (0x00000000e0010d88) 
thrown [src/hotspot/share/gc/shared/memAllocator.cpp, line 138]
Event: 1170.981 Thread 0x00007f369c3cb410 Implicit null exception at 0x00007f368af908e0 to 0x00007f368af90a26
Event: 1179.869 Thread 0x00007f369c0b21e0 Exception <a 'java/lang/OutOfMemoryError'{0x00000000e0010248}> (0x00000000e0010248) 
thrown [src/hotspot/share/gc/shared/memAllocator.cpp, line 136]

VM Operations (20 events):
Event: 1160.407 Executing VM operation: ParallelGCFailedAllocation done
Event: 1160.407 Executing VM operation: ParallelGCFailedAllocation
Event: 1162.682 Executing VM operation: ParallelGCFailedAllocation done
Event: 1162.682 Executing VM operation: ParallelGCFailedAllocation
Event: 1164.682 Executing VM operation: ParallelGCFailedAllocation done
Event: 1164.682 Executing VM operation: ParallelGCFailedAllocation
Event: 1166.081 Executing VM operation: ParallelGCFailedAllocation done
Event: 1166.082 Executing VM operation: ParallelGCFailedAllocation
Event: 1168.510 Executing VM operation: ParallelGCFailedAllocation done
Event: 1168.556 Executing VM operation: ParallelGCFailedAllocation
Event: 1170.981 Executing VM operation: ParallelGCFailedAllocation done
Event: 1170.981 Executing VM operation: ParallelGCFailedAllocation
Event: 1173.197 Executing VM operation: ParallelGCFailedAllocation done
Event: 1173.197 Executing VM operation: ParallelGCFailedAllocation
Event: 1174.774 Executing VM operation: ParallelGCFailedAllocation done
Event: 1174.774 Executing VM operation: ParallelGCFailedAllocation
Event: 1176.581 Executing VM operation: ParallelGCFailedAllocation done
Event: 1176.581 Executing VM operation: ParallelGCFailedAllocation
Event: 1179.869 Executing VM operation: ParallelGCFailedAllocation done
Event: 1179.869 Executing VM operation: ParallelGCFailedAllocation

Events (20 events):
Event: 86.577 Thread 0x00007f369c0b4750 flushing nmethod 0x00007f36849e1590
Event: 86.577 Thread 0x00007f369c0b4750 flushing nmethod 0x00007f36849e4e10
Event: 86.577 Thread 0x00007f369c0b4750 flushing nmethod 0x00007f36849e9790
Event: 86.577 Thread 0x00007f369c0b4750 flushing nmethod 0x00007f36849ec410
Event: 86.577 Thread 0x00007f369c0b4750 flushing nmethod 0x00007f36849eed90
Event: 86.577 Thread 0x00007f369c0b4750 flushing nmethod 0x00007f36849f2f10
Event: 133.563 Thread 0x00007f3630305640 Thread exited: 0x00007f3630305640
Event: 134.982 Thread 0x00007f3624008ab0 Thread exited: 0x00007f3624008ab0
Event: 134.982 Thread 0x00007f36240d75a0 Thread exited: 0x00007f36240d75a0
Event: 140.586 Thread 0x00007f3624007440 Thread exited: 0x00007f3624007440
Event: 447.068 Thread 0x00007f36180280d0 Thread added: 0x00007f36180280d0
Event: 447.068 Protecting memory [0x00007f3648b00000,0x00007f3648b04000] with protection modes 0
Event: 492.557 Thread 0x00007f360c0ecb80 Thread added: 0x00007f360c0ecb80
Event: 492.557 Protecting memory [0x00007f3647e00000,0x00007f3647e04000] with protection modes 0
Event: 545.836 Thread 0x00007f360c0ebf70 Thread added: 0x00007f360c0ebf70
Event: 545.836 Protecting memory [0x00007f3648100000,0x00007f3648104000] with protection modes 0
Event: 995.090 Thread 0x00007f360c13fa90 Thread added: 0x00007f360c13fa90
Event: 995.090 Protecting memory [0x00007f3648f00000,0x00007f3648f04000] with protection modes 0
Event: 1020.578 Thread 0x00007f369c0b4750 flushing nmethod 0x00007f368b0f3710
Event: 1025.583 Thread 0x00007f369c0b4750 flushing nmethod 0x00007f3684961a90


Dynamic libraries:
e0000000-f5580000 rw-p 00000000 00:00 0 
f5580000-f8480000 rw-p 00000000 00:00 0 
f8480000-100000000 ---p 00000000 00:00 0 
800000000-800449000 rw-p 00001000 00:b26 4611686019135357769             /nix/store/gpxl5qgg8kicmcvivwmybwjlpf7wh20l-graalvm17-ce-22.3.0/lib/server/classes.jsa
800449000-800bc8000 r--p 0044a000 00:b26 4611686019135357769             /nix/store/gpxl5qgg8kicmcvivwmybwjlpf7wh20l-graalvm17-ce-22.3.0/lib/server/classes.jsa
800bc8000-800c00000 ---p 00000000 00:00 0 
800c00000-800c20000 rw-p 00000000 00:00 0 
800c20000-800c40000 rw-p 00000000 00:00 0 
800c40000-800cc0000 rw-p 00000000 00:00 0 
800cc0000-800d00000 rw-p 00000000 00:00 0 
800d00000-800dc0000 rw-p 00000000 00:00 0 
800dc0000-800e00000 rw-p 00000000 00:00 0 
800e00000-800f40000 rw-p 00000000 00:00 0 
800f40000-800fc0000 rw-p 00000000 00:00 0 
800fc0000-800ff0000 rw-p 00000000 00:00 0 
800ff0000-801000000 ---p 00000000 00:00 0 
801000000-8011b0000 rw-p 00000000 00:00 0 
8011b0000-840c00000 ---p 00000000 00:00 0 
56147ead9000-56147eada000 r-xp 00000000 00:b26 4611686019099417844       /nix/store/gpxl5qgg8kicmcvivwmybwjlpf7wh20l-graalvm17-ce-22.3.0/bin/.java-wrapped
56147eadb000-56147eadc000 r--p 00001000 00:b26 4611686019099417844       /nix/store/gpxl5qgg8kicmcvivwmybwjlpf7wh20l-graalvm17-ce-22.3.0/bin/.java-wrapped
56147eadc000-56147eadd000 rw-p 00002000 00:b26 4611686019099417844       /nix/store/gpxl5qgg8kicmcvivwmybwjlpf7wh20l-graalvm17-ce-22.3.0/bin/.java-wrapped
56147eadd000-56147eade000 rw-p 00004000 00:b26 4611686019099417844       /nix/store/gpxl5qgg8kicmcvivwmybwjlpf7wh20l-graalvm17-ce-22.3.0/bin/.java-wrapped
56147eade000-56147eadf000 rw-p 00005000 00:b26 4611686019099417844       /nix/store/gpxl5qgg8kicmcvivwmybwjlpf7wh20l-graalvm17-ce-22.3.0/bin/.java-wrapped
56147eff4000-56147f03c000 rw-p 00000000 00:00 0                          [heap]
7f35dc000000-7f35dc08a000 rw-p 00000000 00:00 0 
7f35dc08a000-7f35e0000000 ---p 00000000 00:00 0 
7f35e4000000-7f35e4021000 rw-p 00000000 00:00 0 
7f35e4021000-7f35e8000000 ---p 00000000 00:00 0 
7f35e8000000-7f35e809b000 rw-p 00000000 00:00 0 
7f35e809b000-7f35ec000000 ---p 00000000 00:00 0 
7f35ec000000-7f35ec021000 rw-p 00000000 00:00 0 
7f35ec021000-7f35f0000000 ---p 00000000 00:00 0 
7f35f24b3000-7f35fc000000 r--s 00000000 00:b26 4611686019135192581       /nix/store/gpxl5qgg8kicmcvivwmybwjlpf7wh20l-graalvm17-ce-22.3.0/lib/modules
7f35fc000000-7f35fc021000 rw-p 00000000 00:00 0 
7f35fc021000-7f3600000000 ---p 00000000 00:00 0 
7f3600000000-7f36000d5000 rw-p 00000000 00:00 0 
7f36000d5000-7f3604000000 ---p 00000000 00:00 0 
7f3605000000-7f36051e0000 rw-p 00000000 00:00 0 
7f36051e0000-7f3605800000 ---p 00000000 00:00 0 
7f3606800000-7f3606980000 rw-p 00000000 00:00 0 
7f3606980000-7f3607000000 rw-p 00000000 00:00 0 
7f3607000000-7f3607200000 rw-p 00000000 00:00 0 
7f3607200000-7f3607500000 rw-p 00000000 00:00 0 
7f3607500000-7f36075b0000 rw-p 00000000 00:00 0 
7f36075b0000-7f3607600000 ---p 00000000 00:00 0 
7f3607600000-7f3607800000 rw-p 00000000 00:00 0 
7f3607800000-7f3607880000 rw-p 00000000 00:00 0 
7f3607880000-7f3607900000 rw-p 00000000 00:00 0 
7f3607900000-7f3607b00000 rw-p 00000000 00:00 0 
7f3607b00000-7f3607d00000 rw-p 00000000 00:00 0 
7f3607d00000-7f3607e00000 rw-p 00000000 00:00 0 
7f3607e00000-7f3608000000 rw-p 00000000 00:00 0 
7f3608000000-7f3608021000 rw-p 00000000 00:00 0 
7f3608021000-7f360c000000 ---p 00000000 00:00 0 
7f360c000000-7f360c1a3000 rw-p 00000000 00:00 0 
7f360c1a3000-7f3610000000 ---p 00000000 00:00 0 
7f3610000000-7f3610062000 rw-p 00000000 00:00 0 
7f3610062000-7f3614000000 ---p 00000000 00:00 0 
7f3614000000-7f3614021000 rw-p 00000000 00:00 0 
7f3614021000-7f3618000000 ---p 00000000 00:00 0 
7f3618000000-7f361803f000 rw-p 00000000 00:00 0 
7f361803f000-7f361c000000 ---p 00000000 00:00 0 
7f361c000000-7f361c3e4000 rw-p 00000000 00:00 0 
7f361c3e4000-7f3620000000 ---p 00000000 00:00 0 
7f3620000000-7f3620021000 rw-p 00000000 00:00 0 
7f3620021000-7f3624000000 ---p 00000000 00:00 0 
7f3624000000-7f3624155000 rw-p 00000000 00:00 0 
7f3624155000-7f3628000000 ---p 00000000 00:00 0 
7f3628000000-7f3628021000 rw-p 00000000 00:00 0 
7f3628021000-7f362c000000 ---p 00000000 00:00 0 
7f362c000000-7f362c021000 rw-p 00000000 00:00 0 
7f362c021000-7f3630000000 ---p 00000000 00:00 0 
7f3630000000-7f36308f8000 rw-p 00000000 00:00 0 
7f36308f8000-7f3634000000 ---p 00000000 00:00 0 
7f3634000000-7f3634026000 rw-p 00000000 00:00 0 
7f3634026000-7f3638000000 ---p 00000000 00:00 0 
7f3638000000-7f3638021000 rw-p 00000000 00:00 0 
7f3638021000-7f363c000000 ---p 00000000 00:00 0 
7f363c000000-7f363c021000 rw-p 00000000 00:00 0 
7f363c021000-7f3640000000 ---p 00000000 00:00 0 
7f3640000000-7f364007e000 rw-p 00000000 00:00 0 
7f364007e000-7f3644000000 ---p 00000000 00:00 0 
7f3644000000-7f3644100000 rw-p 00000000 00:00 0 
7f3644100000-7f3644200000 rw-p 00000000 00:00 0 
7f3644200000-7f3644780000 rw-p 00000000 00:00 0 
7f3644780000-7f3644800000 rw-p 00000000 00:00 0 
7f3644800000-7f3644900000 rw-p 00000000 00:00 0 
7f3644900000-7f3644a00000 rw-p 00000000 00:00 0 
7f3644a00000-7f3644d00000 rw-p 00000000 00:00 0 
7f3644d00000-7f3644e00000 rw-p 00000000 00:00 0 
7f3644e00000-7f3645000000 rw-p 00000000 00:00 0 
7f3645200000-7f3645210000 r-xp 00000000 00:abe 355                       /home/runner/.cache/jdt-language-server/config/org.eclipse.equinox.launcher/org.eclipse.equinox.launcher.gtk.linux.x86_64_1.2.400.v20211117-0650/eclipse_11600.so
7f3645210000-7f364540f000 ---p 00010000 00:abe 355                       /home/runner/.cache/jdt-language-server/config/org.eclipse.equinox.launcher/org.eclipse.equinox.launcher.gtk.linux.x86_64_1.2.400.v20211117-0650/eclipse_11600.so
7f364540f000-7f3645410000 r--p 0000f000 00:abe 355                       /home/runner/.cache/jdt-language-server/config/org.eclipse.equinox.launcher/org.eclipse.equinox.launcher.gtk.linux.x86_64_1.2.400.v20211117-0650/eclipse_11600.so
7f3645410000-7f3645411000 rw-p 00010000 00:abe 355                       /home/runner/.cache/jdt-language-server/config/org.eclipse.equinox.launcher/org.eclipse.equinox.launcher.gtk.linux.x86_64_1.2.400.v20211117-0650/eclipse_11600.so
7f3646700000-7f3646800000 ---p 00000000 00:00 0 
7f3646800000-7f3646daf000 r--p 01122000 00:b26 4611686019135190040       /nix/store/gpxl5qgg8kicmcvivwmybwjlpf7wh20l-graalvm17-ce-22.3.0/lib/libjvmcicompiler.so
7f3646daf000-7f3646f00000 r--p 00000000 00:00 0 
7f3646f00000-7f3646f3d000 rw-p 00000000 00:00 0 
7f3646f3d000-7f364745d000 rw-p 0185f000 00:b26 4611686019135190040       /nix/store/gpxl5qgg8kicmcvivwmybwjlpf7wh20l-graalvm17-ce-22.3.0/lib/libjvmcicompiler.so
7f364745d000-7f3647844000 r--p 01d7f000 00:b26 4611686019135190040       /nix/store/gpxl5qgg8kicmcvivwmybwjlpf7wh20l-graalvm17-ce-22.3.0/lib/libjvmcicompiler.so
7f3647900000-7f3647904000 ---p 00000000 00:00 0 
7f3647904000-7f3647a00000 rw-p 00000000 00:00 0 
7f3647b00000-7f3647b04000 ---p 00000000 00:00 0 
7f3647b04000-7f3647c00000 rw-p 00000000 00:00 0 
7f3647d00000-7f3647d04000 ---p 00000000 00:00 0 
7f3647d04000-7f3647e00000 rw-p 00000000 00:00 0 
7f3647e00000-7f3647e04000 ---p 00000000 00:00 0 
7f3647e04000-7f3647f00000 rw-p 00000000 00:00 0 
7f3647f00000-7f3647f04000 ---p 00000000 00:00 0 
7f3647f04000-7f3648000000 rw-p 00000000 00:00 0 
7f3648100000-7f3648104000 ---p 00000000 00:00 0 
7f3648104000-7f3648200000 rw-p 00000000 00:00 0 
7f3648300000-7f3648304000 ---p 00000000 00:00 0 
7f3648304000-7f3648400000 rw-p 00000000 00:00 0 
7f3648500000-7f3648504000 ---p 00000000 00:00 0 
7f3648504000-7f3648600000 rw-p 00000000 00:00 0 
7f3648700000-7f3648704000 ---p 00000000 00:00 0 
7f3648704000-7f3648800000 rw-p 00000000 00:00 0 
7f3648900000-7f3648904000 ---p 00000000 00:00 0 
7f3648904000-7f3648a00000 rw-p 00000000 00:00 0 
7f3648b00000-7f3648b04000 ---p 00000000 00:00 0 
7f3648b04000-7f3648c00000 rw-p 00000000 00:00 0 
7f3648d00000-7f3648d04000 ---p 00000000 00:00 0 
7f3648d04000-7f3648e00000 rw-p 00000000 00:00 0 
7f3648f00000-7f3648f04000 ---p 00000000 00:00 0 
7f3648f04000-7f3649000000 rw-p 00000000 00:00 0 
7f3649000000-7f3649004000 ---p 00000000 00:00 0 
7f3649004000-7f3649100000 rw-p 00000000 00:00 0 
7f3649100000-7f3649104000 ---p 00000000 00:00 0 
7f3649104000-7f3649200000 rw-p 00000000 00:00 0 
7f3649300000-7f3649304000 ---p 00000000 00:00 0 
7f3649304000-7f3649400000 rw-p 00000000 00:00 0 
7f3649500000-7f3649504000 ---p 00000000 00:00 0 
7f3649504000-7f3649600000 rw-p 00000000 00:00 0 
7f3649700000-7f3649704000 ---p 00000000 00:00 0 
7f3649704000-7f3649800000 rw-p 00000000 00:00 0 
7f3649900000-7f3649904000 ---p 00000000 00:00 0 
7f3649904000-7f3649a00000 rw-p 00000000 00:00 0 
7f3649b00000-7f3649b04000 ---p 00000000 00:00 0 
7f3649b04000-7f3649c00000 rw-p 00000000 00:00 0 
7f3649c00000-7f364bd6a000 r-xp 00000000 00:b26 4611686019135190040       /nix/store/gpxl5qgg8kicmcvivwmybwjlpf7wh20l-graalvm17-ce-22.3.0/lib/libjvmcicompiler.so
7f364bd6a000-7f364bf69000 ---p 0216a000 00:b26 4611686019135190040       /nix/store/gpxl5qgg8kicmcvivwmybwjlpf7wh20l-graalvm17-ce-22.3.0/lib/libjvmcicompiler.so
7f364bf69000-7f364bf6a000 r--p 02169000 00:b26 4611686019135190040       /nix/store/gpxl5qgg8kicmcvivwmybwjlpf7wh20l-graalvm17-ce-22.3.0/lib/libjvmcicompiler.so
7f364bf6a000-7f364bf6c000 rw-p 0216a000 00:b26 4611686019135190040       /nix/store/gpxl5qgg8kicmcvivwmybwjlpf7wh20l-graalvm17-ce-22.3.0/lib/libjvmcicompiler.so
7f364bf6c000-7f364bf6d000 rw-p 00000000 00:00 0 
7f364bf6d000-7f364bf72000 rw-p 023c3000 00:b26 4611686019135190040       /nix/store/gpxl5qgg8kicmcvivwmybwjlpf7wh20l-graalvm17-ce-22.3.0/lib/libjvmcicompiler.so
7f364c000000-7f364c021000 rw-p 00000000 00:00 0 
7f364c021000-7f3650000000 ---p 00000000 00:00 0 
7f3650000000-7f3650021000 rw-p 00000000 00:00 0 
7f3650021000-7f3654000000 ---p 00000000 00:00 0 
7f3654000000-7f3654021000 rw-p 00000000 00:00 0 
7f3654021000-7f3658000000 ---p 00000000 00:00 0 
7f3658000000-7f3658021000 rw-p 00000000 00:00 0 
7f3658021000-7f365c000000 ---p 00000000 00:00 0 
7f365c000000-7f365c0d6000 rw-p 00000000 00:00 0 
7f365c0d6000-7f3660000000 ---p 00000000 00:00 0 
7f3660000000-7f3660b2b000 rw-p 00000000 00:00 0 
7f3660b2b000-7f3664000000 ---p 00000000 00:00 0 
7f3664000000-7f3664021000 rw-p 00000000 00:00 0 
7f3664021000-7f3668000000 ---p 00000000 00:00 0 
7f3668000000-7f3668021000 rw-p 00000000 00:00 0 
7f3668021000-7f366c000000 ---p 00000000 00:00 0 
7f366c000000-7f366c021000 rw-p 00000000 00:00 0 
7f366c021000-7f3670000000 ---p 00000000 00:00 0 
7f3670000000-7f3670021000 rw-p 00000000 00:00 0 
7f3670021000-7f3674000000 ---p 00000000 00:00 0 
7f3674000000-7f3674021000 rw-p 00000000 00:00 0 
7f3674021000-7f3678000000 ---p 00000000 00:00 0 
7f3678000000-7f3678021000 rw-p 00000000 00:00 0 
7f3678021000-7f367c000000 ---p 00000000 00:00 0 
7f367c000000-7f367c11d000 rw-p 00000000 00:00 0 
7f367c11d000-7f3680000000 ---p 00000000 00:00 0 
7f3680000000-7f3680004000 ---p 00000000 00:00 0 
7f3680004000-7f3680100000 rw-p 00000000 00:00 0 
7f3680e68000-7f3681300000 rw-p 00000000 00:00 0 
7f3681316000-7f3681317000 ---p 00000000 00:00 0 
7f3681317000-7f3681418000 rw-p 00000000 00:00 0 
7f3681418000-7f368141c000 ---p 00000000 00:00 0 
7f368141c000-7f3681518000 rw-p 00000000 00:00 0 
7f3681518000-7f368151c000 ---p 00000000 00:00 0 
7f368151c000-7f3681618000 rw-p 00000000 00:00 0 
7f3681618000-7f368161c000 ---p 00000000 00:00 0 
7f368161c000-7f3681718000 rw-p 00000000 00:00 0 
7f3681718000-7f368171c000 ---p 00000000 00:00 0 
7f368171c000-7f3681918000 rw-p 00000000 00:00 0 
7f3681918000-7f368191c000 ---p 00000000 00:00 0 
7f368191c000-7f3681b18000 rw-p 00000000 00:00 0 
7f3681b18000-7f3681b1c000 ---p 00000000 00:00 0 
7f3681b1c000-7f3681c18000 rw-p 00000000 00:00 0 
7f3681c18000-7f3681c1c000 ---p 00000000 00:00 0 
7f3681c1c000-7f3681d18000 rw-p 00000000 00:00 0 
7f3681d18000-7f3681d1c000 ---p 00000000 00:00 0 
7f3681d1c000-7f3681e18000 rw-p 00000000 00:00 0 
7f3681e18000-7f36820fe000 r--p 00000000 00:9ea 28444448                  /usr/lib/locale/locale-archive
7f36820fe000-7f3682102000 ---p 00000000 00:00 0 
7f3682102000-7f36821fe000 rw-p 00000000 00:00 0 
7f36821fe000-7f3682202000 ---p 00000000 00:00 0 
7f3682202000-7f36822fe000 rw-p 00000000 00:00 0 
7f36822fe000-7f36822ff000 ---p 00000000 00:00 0 
7f36822ff000-7f3682800000 rw-p 00000000 00:00 0 
7f3682800000-7f3682b00000 rw-p 00000000 00:00 0 
7f3682b00000-7f3682c00000 rw-p 00000000 00:00 0 
7f3682c69000-7f3682c6d000 ---p 00000000 00:00 0 
7f3682c6d000-7f3682c8b000 rw-p 00000000 00:00 0 
7f3682c8b000-7f3682ca0000 r-xp 00000000 00:b26 4611686019135192570       /nix/store/gpxl5qgg8kicmcvivwmybwjlpf7wh20l-graalvm17-ce-22.3.0/lib/libnet.so
7f3682ca0000-7f3682ca1000 ---p 00015000 00:b26 4611686019135192570       /nix/store/gpxl5qgg8kicmcvivwmybwjlpf7wh20l-graalvm17-ce-22.3.0/lib/libnet.so
7f3682ca1000-7f3682ca2000 r--p 00015000 00:b26 4611686019135192570       /nix/store/gpxl5qgg8kicmcvivwmybwjlpf7wh20l-graalvm17-ce-22.3.0/lib/libnet.so
7f3682ca2000-7f3682ca3000 rw-p 00016000 00:b26 4611686019135192570       /nix/store/gpxl5qgg8kicmcvivwmybwjlpf7wh20l-graalvm17-ce-22.3.0/lib/libnet.so
7f3682ca3000-7f3682ca6000 rw-p 0001b000 00:b26 4611686019135192570       /nix/store/gpxl5qgg8kicmcvivwmybwjlpf7wh20l-graalvm17-ce-22.3.0/lib/libnet.so
7f3682ca6000-7f3682cb9000 r-xp 00000000 00:b26 4611686019135192571       /nix/store/gpxl5qgg8kicmcvivwmybwjlpf7wh20l-graalvm17-ce-22.3.0/lib/libnio.so
7f3682cb9000-7f3682cba000 r--p 00012000 00:b26 4611686019135192571       /nix/store/gpxl5qgg8kicmcvivwmybwjlpf7wh20l-graalvm17-ce-22.3.0/lib/libnio.so
7f3682cba000-7f3682cbb000 rw-p 00013000 00:b26 4611686019135192571       /nix/store/gpxl5qgg8kicmcvivwmybwjlpf7wh20l-graalvm17-ce-22.3.0/lib/libnio.so
7f3682cbb000-7f3682cc0000 rw-p 00019000 00:b26 4611686019135192571       /nix/store/gpxl5qgg8kicmcvivwmybwjlpf7wh20l-graalvm17-ce-22.3.0/lib/libnio.so
7f3682cc0000-7f3682d8e000 r-xp 00000000 00:b26 4611686019135190036       /nix/store/gpxl5qgg8kicmcvivwmybwjlpf7wh20l-graalvm17-ce-22.3.0/lib/libjsvml.so
7f3682d8e000-7f3682d8f000 r--p 000cd000 00:b26 4611686019135190036       /nix/store/gpxl5qgg8kicmcvivwmybwjlpf7wh20l-graalvm17-ce-22.3.0/lib/libjsvml.so
7f3682d8f000-7f3682d90000 rw-p 000ce000 00:b26 4611686019135190036       /nix/store/gpxl5qgg8kicmcvivwmybwjlpf7wh20l-graalvm17-ce-22.3.0/lib/libjsvml.so
7f3682d90000-7f36834b3000 rw-p 00000000 00:00 0 
7f36834b3000-7f3683723000 rwxp 00000000 00:00 0 
7f3683723000-7f3683a42000 ---p 00000000 00:00 0 
7f3683a42000-7f3684a62000 rwxp 00000000 00:00 0 
7f3684a62000-7f368af7a000 ---p 00000000 00:00 0 
7f368af7a000-7f368b1ea000 rwxp 00000000 00:00 0 
7f368b1ea000-7f36924b3000 ---p 00000000 00:00 0 
7f36924b3000-7f369c000000 r--s 00000000 00:b26 4611686019135192581       /nix/store/gpxl5qgg8kicmcvivwmybwjlpf7wh20l-graalvm17-ce-22.3.0/lib/modules
7f369c000000-7f369c603000 rw-p 00000000 00:00 0 
7f369c603000-7f36a0000000 ---p 00000000 00:00 0 
7f36a0007000-7f36a0009000 r-xp 00000000 00:b26 4611686019135190017       /nix/store/gpxl5qgg8kicmcvivwmybwjlpf7wh20l-graalvm17-ce-22.3.0/lib/libextnet.so
7f36a0009000-7f36a000a000 r--p 00001000 00:b26 4611686019135190017       /nix/store/gpxl5qgg8kicmcvivwmybwjlpf7wh20l-graalvm17-ce-22.3.0/lib/libextnet.so
7f36a000a000-7f36a000b000 rw-p 00002000 00:b26 4611686019135190017       /nix/store/gpxl5qgg8kicmcvivwmybwjlpf7wh20l-graalvm17-ce-22.3.0/lib/libextnet.so
7f36a000b000-7f36a000c000 rw-p 00004000 00:b26 4611686019135190017       /nix/store/gpxl5qgg8kicmcvivwmybwjlpf7wh20l-graalvm17-ce-22.3.0/lib/libextnet.so
7f36a000c000-7f36a0013000 r-xp 00000000 00:b26 4611686019135192580       /nix/store/gpxl5qgg8kicmcvivwmybwjlpf7wh20l-graalvm17-ce-22.3.0/lib/libzip.so
7f36a0013000-7f36a0014000 ---p 00007000 00:b26 4611686019135192580       /nix/store/gpxl5qgg8kicmcvivwmybwjlpf7wh20l-graalvm17-ce-22.3.0/lib/libzip.so
7f36a0014000-7f36a0015000 r--p 00007000 00:b26 4611686019135192580       /nix/store/gpxl5qgg8kicmcvivwmybwjlpf7wh20l-graalvm17-ce-22.3.0/lib/libzip.so
7f36a0015000-7f36a0016000 rw-p 00008000 00:b26 4611686019135192580       /nix/store/gpxl5qgg8kicmcvivwmybwjlpf7wh20l-graalvm17-ce-22.3.0/lib/libzip.so
7f36a0016000-7f36a0018000 rw-p 0000b000 00:b26 4611686019135192580       /nix/store/gpxl5qgg8kicmcvivwmybwjlpf7wh20l-graalvm17-ce-22.3.0/lib/libzip.so
7f36a0018000-7f36a11cd000 rw-p 00000000 00:00 0 
7f36a11cd000-7f36a11ce000 ---p 00000000 00:00 0 
7f36a11ce000-7f36a1379000 rw-p 00000000 00:00 0 
7f36a1379000-7f36a1392000 rw-p 00000000 00:00 0 
7f36a1392000-7f36a13cf000 ---p 00000000 00:00 0 
7f36a13cf000-7f36a13d5000 rw-p 00000000 00:00 0 
7f36a13d5000-7f36a14bb000 ---p 00000000 00:00 0 
7f36a14bb000-7f36a14dc000 rw-p 00000000 00:00 0 
7f36a14dc000-7f36a15a6000 ---p 00000000 00:00 0 
7f36a15a6000-7f36a15ab000 rw-p 00000000 00:00 0 
7f36a15ab000-7f36a15b2000 ---p 00000000 00:00 0 
7f36a15b2000-7f36a15d6000 r-xp 00000000 00:b26 4611686019135190028       /nix/store/gpxl5qgg8kicmcvivwmybwjlpf7wh20l-graalvm17-ce-22.3.0/lib/libjava.so
7f36a15d6000-7f36a15d7000 ---p 00024000 00:b26 4611686019135190028       /nix/store/gpxl5qgg8kicmcvivwmybwjlpf7wh20l-graalvm17-ce-22.3.0/lib/libjava.so
7f36a15d7000-7f36a15d8000 r--p 00024000 00:b26 4611686019135190028       /nix/store/gpxl5qgg8kicmcvivwmybwjlpf7wh20l-graalvm17-ce-22.3.0/lib/libjava.so
7f36a15d8000-7f36a15d9000 rw-p 00025000 00:b26 4611686019135190028       /nix/store/gpxl5qgg8kicmcvivwmybwjlpf7wh20l-graalvm17-ce-22.3.0/lib/libjava.so
7f36a15d9000-7f36a15da000 rw-p 00000000 00:00 0 
7f36a15da000-7f36a15e1000 rw-p 0002f000 00:b26 4611686019135190028       /nix/store/gpxl5qgg8kicmcvivwmybwjlpf7wh20l-graalvm17-ce-22.3.0/lib/libjava.so
7f36a15e1000-7f36a15e9000 rw-s 00000000 00:779 352                       /tmp/hsperfdata_runner/29
7f36a15e9000-7f36a15ea000 ---p 00000000 00:00 0 
7f36a15ea000-7f36a15eb000 r--p 00000000 00:00 0 
7f36a15eb000-7f36a15ec000 rwxp 00000000 00:00 0 
7f36a15ec000-7f36a1607000 r-xp 00000000 00:b26 4611686019135190032       /nix/store/gpxl5qgg8kicmcvivwmybwjlpf7wh20l-graalvm17-ce-22.3.0/lib/libjimage.so
7f36a1607000-7f36a1608000 ---p 0001b000 00:b26 4611686019135190032       /nix/store/gpxl5qgg8kicmcvivwmybwjlpf7wh20l-graalvm17-ce-22.3.0/lib/libjimage.so
7f36a1608000-7f36a160a000 r--p 0001b000 00:b26 4611686019135190032       /nix/store/gpxl5qgg8kicmcvivwmybwjlpf7wh20l-graalvm17-ce-22.3.0/lib/libjimage.so
7f36a160a000-7f36a160b000 rw-p 0001d000 00:b26 4611686019135190032       /nix/store/gpxl5qgg8kicmcvivwmybwjlpf7wh20l-graalvm17-ce-22.3.0/lib/libjimage.so
7f36a160b000-7f36a160c000 rw-p 00024000 00:b26 4611686019135190032       /nix/store/gpxl5qgg8kicmcvivwmybwjlpf7wh20l-graalvm17-ce-22.3.0/lib/libjimage.so
7f36a160c000-7f36a1610000 ---p 00000000 00:00 0 
7f36a1610000-7f36a170c000 rw-p 00000000 00:00 0 
7f36a170c000-7f36a171a000 r--p 00000000 00:b26 4611686019027979927       /nix/store/4nlgxhb09sdr51nc9hdm8az5b08vzkgx-glibc-2.35-163/lib/libm.so.6
7f36a171a000-7f36a178d000 r-xp 0000e000 00:b26 4611686019027979927       /nix/store/4nlgxhb09sdr51nc9hdm8az5b08vzkgx-glibc-2.35-163/lib/libm.so.6
7f36a178d000-7f36a17ea000 r--p 00081000 00:b26 4611686019027979927       /nix/store/4nlgxhb09sdr51nc9hdm8az5b08vzkgx-glibc-2.35-163/lib/libm.so.6
7f36a17ea000-7f36a17eb000 r--p 000dd000 00:b26 4611686019027979927       /nix/store/4nlgxhb09sdr51nc9hdm8az5b08vzkgx-glibc-2.35-163/lib/libm.so.6
7f36a17eb000-7f36a17ec000 rw-p 000de000 00:b26 4611686019027979927       /nix/store/4nlgxhb09sdr51nc9hdm8az5b08vzkgx-glibc-2.35-163/lib/libm.so.6
7f36a17ec000-7f36a17ed000 r--p 00000000 00:b26 4611686019027979946       /nix/store/4nlgxhb09sdr51nc9hdm8az5b08vzkgx-glibc-2.35-163/lib/librt.so.1
7f36a17ed000-7f36a17ee000 r-xp 00001000 00:b26 4611686019027979946       /nix/store/4nlgxhb09sdr51nc9hdm8az5b08vzkgx-glibc-2.35-163/lib/librt.so.1
7f36a17ee000-7f36a17ef000 r--p 00002000 00:b26 4611686019027979946       /nix/store/4nlgxhb09sdr51nc9hdm8az5b08vzkgx-glibc-2.35-163/lib/librt.so.1
7f36a17ef000-7f36a17f0000 r--p 00002000 00:b26 4611686019027979946       /nix/store/4nlgxhb09sdr51nc9hdm8az5b08vzkgx-glibc-2.35-163/lib/librt.so.1
7f36a17f0000-7f36a17f1000 rw-p 00003000 00:b26 4611686019027979946       /nix/store/4nlgxhb09sdr51nc9hdm8az5b08vzkgx-glibc-2.35-163/lib/librt.so.1
7f36a17f1000-7f36a2904000 r-xp 00000000 00:b26 4611686019135360866       /nix/store/gpxl5qgg8kicmcvivwmybwjlpf7wh20l-graalvm17-ce-22.3.0/lib/server/libjvm.so
7f36a2904000-7f36a2905000 ---p 01113000 00:b26 4611686019135360866       /nix/store/gpxl5qgg8kicmcvivwmybwjlpf7wh20l-graalvm17-ce-22.3.0/lib/server/libjvm.so
7f36a2905000-7f36a29ba000 r--p 01113000 00:b26 4611686019135360866       /nix/store/gpxl5qgg8kicmcvivwmybwjlpf7wh20l-graalvm17-ce-22.3.0/lib/server/libjvm.so
7f36a29ba000-7f36a29ee000 rw-p 011c8000 00:b26 4611686019135360866       /nix/store/gpxl5qgg8kicmcvivwmybwjlpf7wh20l-graalvm17-ce-22.3.0/lib/server/libjvm.so
7f36a29ee000-7f36a2a4a000 rw-p 00000000 00:00 0 
7f36a2a4a000-7f36a2a72000 r--p 00000000 00:b26 4611686019027979918       /nix/store/4nlgxhb09sdr51nc9hdm8az5b08vzkgx-glibc-2.35-163/lib/libc.so.6
7f36a2a72000-7f36a2be8000 r-xp 00028000 00:b26 4611686019027979918       /nix/store/4nlgxhb09sdr51nc9hdm8az5b08vzkgx-glibc-2.35-163/lib/libc.so.6
7f36a2be8000-7f36a2c40000 r--p 0019e000 00:b26 4611686019027979918       /nix/store/4nlgxhb09sdr51nc9hdm8az5b08vzkgx-glibc-2.35-163/lib/libc.so.6
7f36a2c40000-7f36a2c44000 r--p 001f6000 00:b26 4611686019027979918       /nix/store/4nlgxhb09sdr51nc9hdm8az5b08vzkgx-glibc-2.35-163/lib/libc.so.6
7f36a2c44000-7f36a2c46000 rw-p 001fa000 00:b26 4611686019027979918       /nix/store/4nlgxhb09sdr51nc9hdm8az5b08vzkgx-glibc-2.35-163/lib/libc.so.6
7f36a2c46000-7f36a2c55000 rw-p 00000000 00:00 0 
7f36a2c55000-7f36a2c56000 r--p 00000000 00:b26 4611686019027979923       /nix/store/4nlgxhb09sdr51nc9hdm8az5b08vzkgx-glibc-2.35-163/lib/libdl.so.2
7f36a2c56000-7f36a2c57000 r-xp 00001000 00:b26 4611686019027979923       /nix/store/4nlgxhb09sdr51nc9hdm8az5b08vzkgx-glibc-2.35-163/lib/libdl.so.2
7f36a2c57000-7f36a2c58000 r--p 00002000 00:b26 4611686019027979923       /nix/store/4nlgxhb09sdr51nc9hdm8az5b08vzkgx-glibc-2.35-163/lib/libdl.so.2
7f36a2c58000-7f36a2c59000 r--p 00002000 00:b26 4611686019027979923       /nix/store/4nlgxhb09sdr51nc9hdm8az5b08vzkgx-glibc-2.35-163/lib/libdl.so.2
7f36a2c59000-7f36a2c5a000 rw-p 00003000 00:b26 4611686019027979923       /nix/store/4nlgxhb09sdr51nc9hdm8az5b08vzkgx-glibc-2.35-163/lib/libdl.so.2
7f36a2c5a000-7f36a2c5b000 r--p 00000000 00:b26 4611686019027979942       /nix/store/4nlgxhb09sdr51nc9hdm8az5b08vzkgx-glibc-2.35-163/lib/libpthread.so.0
7f36a2c5b000-7f36a2c5c000 r-xp 00001000 00:b26 4611686019027979942       /nix/store/4nlgxhb09sdr51nc9hdm8az5b08vzkgx-glibc-2.35-163/lib/libpthread.so.0
7f36a2c5c000-7f36a2c5d000 r--p 00002000 00:b26 4611686019027979942       /nix/store/4nlgxhb09sdr51nc9hdm8az5b08vzkgx-glibc-2.35-163/lib/libpthread.so.0
7f36a2c5d000-7f36a2c5e000 r--p 00002000 00:b26 4611686019027979942       /nix/store/4nlgxhb09sdr51nc9hdm8az5b08vzkgx-glibc-2.35-163/lib/libpthread.so.0
7f36a2c5e000-7f36a2c5f000 rw-p 00003000 00:b26 4611686019027979942       /nix/store/4nlgxhb09sdr51nc9hdm8az5b08vzkgx-glibc-2.35-163/lib/libpthread.so.0
7f36a2c5f000-7f36a2c6d000 r-xp 00000000 00:b26 4611686019135190033       /nix/store/gpxl5qgg8kicmcvivwmybwjlpf7wh20l-graalvm17-ce-22.3.0/lib/libjli.so
7f36a2c6d000-7f36a2c6e000 ---p 0000e000 00:b26 4611686019135190033       /nix/store/gpxl5qgg8kicmcvivwmybwjlpf7wh20l-graalvm17-ce-22.3.0/lib/libjli.so
7f36a2c6e000-7f36a2c6f000 r--p 0000e000 00:b26 4611686019135190033       /nix/store/gpxl5qgg8kicmcvivwmybwjlpf7wh20l-graalvm17-ce-22.3.0/lib/libjli.so
7f36a2c6f000-7f36a2c70000 rw-p 0000f000 00:b26 4611686019135190033       /nix/store/gpxl5qgg8kicmcvivwmybwjlpf7wh20l-graalvm17-ce-22.3.0/lib/libjli.so
7f36a2c70000-7f36a2c71000 rw-p 00012000 00:b26 4611686019135190033       /nix/store/gpxl5qgg8kicmcvivwmybwjlpf7wh20l-graalvm17-ce-22.3.0/lib/libjli.so
7f36a2c71000-7f36a2c74000 r--p 00000000 00:b26 4611686019106210071       /nix/store/026hln0aq1hyshaxsdvhg0kmcm6yf45r-zlib-1.2.13/lib/libz.so.1.2.13
7f36a2c74000-7f36a2c86000 r-xp 00003000 00:b26 4611686019106210071       /nix/store/026hln0aq1hyshaxsdvhg0kmcm6yf45r-zlib-1.2.13/lib/libz.so.1.2.13
7f36a2c86000-7f36a2c8d000 r--p 00015000 00:b26 4611686019106210071       /nix/store/026hln0aq1hyshaxsdvhg0kmcm6yf45r-zlib-1.2.13/lib/libz.so.1.2.13
7f36a2c8d000-7f36a2c8e000 r--p 0001b000 00:b26 4611686019106210071       /nix/store/026hln0aq1hyshaxsdvhg0kmcm6yf45r-zlib-1.2.13/lib/libz.so.1.2.13
7f36a2c8e000-7f36a2c8f000 rw-p 0001c000 00:b26 4611686019106210071       /nix/store/026hln0aq1hyshaxsdvhg0kmcm6yf45r-zlib-1.2.13/lib/libz.so.1.2.13
7f36a2c8f000-7f36a2c91000 rw-p 00000000 00:00 0 
7f36a2c91000-7f36a2c93000 r--p 00000000 00:b26 4611686019027979912       /nix/store/4nlgxhb09sdr51nc9hdm8az5b08vzkgx-glibc-2.35-163/lib/ld-linux-x86-64.so.2
7f36a2c93000-7f36a2cba000 r-xp 00002000 00:b26 4611686019027979912       /nix/store/4nlgxhb09sdr51nc9hdm8az5b08vzkgx-glibc-2.35-163/lib/ld-linux-x86-64.so.2
7f36a2cba000-7f36a2cc6000 r--p 00029000 00:b26 4611686019027979912       /nix/store/4nlgxhb09sdr51nc9hdm8az5b08vzkgx-glibc-2.35-163/lib/ld-linux-x86-64.so.2
7f36a2cc6000-7f36a2cc8000 r--p 00034000 00:b26 4611686019027979912       /nix/store/4nlgxhb09sdr51nc9hdm8az5b08vzkgx-glibc-2.35-163/lib/ld-linux-x86-64.so.2
7f36a2cc8000-7f36a2cca000 rw-p 00036000 00:b26 4611686019027979912       /nix/store/4nlgxhb09sdr51nc9hdm8az5b08vzkgx-glibc-2.35-163/lib/ld-linux-x86-64.so.2
7ffeaaf4b000-7ffeaaf6f000 rw-p 00000000 00:00 0                          [stack]
7ffeaaf82000-7ffeaaf86000 r--p 00000000 00:00 0                          [vvar]
7ffeaaf86000-7ffeaaf88000 r-xp 00000000 00:00 0                          [vdso]
ffffffffff600000-ffffffffff601000 --xp 00000000 00:00 0                  [vsyscall]


VM Arguments:
jvm_args: -XX:ThreadPriorityPolicy=1 -XX:+UnlockExperimentalVMOptions -XX:+EnableJVMCIProduct -XX:JVMCIThreadsPerNativeLibraryRuntime=1 -XX:-UnlockExperimentalVMOptions -Declipse.application=org.eclipse.jdt.ls.core.id1 -Dosgi.bundles.defaultStartLevel=4 -Declipse.product=org.eclipse.jdt.ls.core.product -Dlog.level=ALL -Xverify:none -XX:+UseParallelGC -XX:GCTimeRatio=4 -XX:AdaptiveSizePolicyWeight=90 -Dsun.zip.disableMemoryMapping=true -Xmx512m -Xms100m 
java_command: /nix/store/m6gcpi1ii6rghy04cjwjddcavv7i90df-jdt-language-server-1.9.0/share/java/plugins/org.eclipse.equinox.launcher_1.6.400.v20210924-0641.jar --add-modules=ALL-SYSTEM --add-opens java.base/java.util=ALL-UNNAMED --add-opens java.base/java.lang=ALL-UNNAMED -configuration /home/runner/.cache/jdt-language-server/config -data /home/runner/.cache/jdt-language-server/data/home/runner/Wordle
java_class_path (initial): /nix/store/m6gcpi1ii6rghy04cjwjddcavv7i90df-jdt-language-server-1.9.0/share/java/plugins/org.eclipse.equinox.launcher_1.6.400.v20210924-0641.jar
Launcher Type: SUN_STANDARD

[Global flags]
    uintx AdaptiveSizePolicyWeight                 = 90                                        {product} {command line}
     intx CICompilerCount                          = 2                                         {product} {ergonomic}
     bool EnableJVMCIProduct                       = true                                {JVMCI product} {jimage}
    uintx GCTimeRatio                              = 4                                         {product} {command line}
   size_t InitialHeapSize                          = 104857600                                 {product} {command line}
     uint JVMCIThreadsPerNativeLibraryRuntime      = 1                                   {JVMCI product} {jimage}
   size_t MaxHeapSize                              = 536870912                                 {product} {command line}
   size_t MaxNewSize                               = 178782208                                 {product} {ergonomic}
   size_t MinHeapDeltaBytes                        = 524288                                    {product} {ergonomic}
   size_t MinHeapSize                              = 104857600                                 {product} {command line}
   size_t NewSize                                  = 34603008                                  {product} {ergonomic}
    uintx NonNMethodCodeHeapSize                   = 5826188                                {pd product} {ergonomic}
    uintx NonProfiledCodeHeapSize                  = 122916026                              {pd product} {ergonomic}
   size_t OldSize                                  = 70254592                                  {product} {ergonomic}
    uintx ProfiledCodeHeapSize                     = 122916026                              {pd product} {ergonomic}
    uintx ReservedCodeCacheSize                    = 251658240                              {pd product} {ergonomic}
     bool SegmentedCodeCache                       = true                                      {product} {ergonomic}
   size_t SoftMaxHeapSize                          = 536870912                              {manageable} {ergonomic}
     intx ThreadPriorityPolicy                     = 1                                         {product} {jimage}
     bool UseCompressedClassPointers               = true                           {product lp64_product} {ergonomic}
     bool UseCompressedOops                        = true                           {product lp64_product} {ergonomic}
     bool UseParallelGC                            = true                                      {product} {command line}

Logging:
Log output configuration:
 #0: stdout all=warning uptime,level,tags
 #1: stderr all=off uptime,level,tags

Environment Variables:
JAVA_HOME=/nix/store/gpxl5qgg8kicmcvivwmybwjlpf7wh20l-graalvm17-ce-22.3.0
PATH=/nix/store/1d6ian3r8kdzspw8hacjhl3xkp40g1lj-binutils-wrapper-2.39/bin:/nix/store/dq0xwmsk1g0i2ayg6pb7y87na2knzylh-gcc-wrapper-11.3.0/bin:/nix/store/bap4d0lpcrhpwmpb8ayjcgkmvfj62lnq-bash-interactive-5.1-p16/bin:/nix/store/pr5n59mb4jzmfx6kanwxly0l07p861fg-patchelf-0.15.0/bin:/nix/store/1gf2flfqnpqbr1b4p4qz2f72y42bs56r-gcc-11.3.0/bin:/nix/store/57xv61c5zi8pphjbcwxxjlgc34p61ic9-glibc-2.35-163-bin/bin:/nix/store/a7gvj343m05j2s32xcnwr35v31ynlypr-coreutils-9.1/bin:/nix/store/039g378vc3pc3dvi9dzdlrd0i4q93qwf-binutils-2.39/bin:/nix/store/gpxl5qgg8kicmcvivwmybwjlpf7wh20l-graalvm17-ce-22.3.0/bin:/nix/store/6z9ag3ihc8mq2hzsw48lhbznvzny65nz-apache-maven-3.8.6/bin:/nix/store/m6gcpi1ii6rghy04cjwjddcavv7i90df-jdt-language-server-1.9.0/bin:/nix/store/84xs5alhs01zrbr4ywm05kxbjbp5590l-java-debug/bin:/nix/store/mydc6f4k2z73xlcz7ilif3v2lcaiqvza-findutils-4.9.0/bin:/nix/store/j9p3g8472iijd50vhdprx0nmk2fqn5gv-diffutils-3.8/bin:/nix/store/89zs7rms6x00xfq4dq6m7mjnhkr8a6r4-gnused-4.8/bin:/nix/store/86bp03jkmsl6f92w0yzg4s59g5mhxwmy-gnugrep-3.7/bin:/nix/store/hwcdqw4jrjnd37wxqgsd47hd0j8bnj09-gawk-5.1.1/bin:/nix/store/cfbhw8r8ags41vwqaz47r583d0p4h4a1-gnutar-1.34/bin:/nix/store/p3m1ndl1lapwrlh698bnb5lvvxh67378-gzip-1.12/bin:/nix/store/a8mhcagrsly7c7mpjrpsnaahk4aax056-bzip2-1.0.8-bin/bin:/nix/store/mblgz65m3zv9x548a3d5m96fj2pbwr09-gnumake-4.3/bin:/nix/store/dsd5gz46hdbdk2rfdimqddhq6m8m8fqs-bash-5.1-p16/bin:/nix/store/v7ljksji50mg3w61dykaa3n3y79n6nil-patch-2.7.6/bin:/nix/store/zlcnmqq14jz5x9439jf937mvayyl63da-xz-5.2.7-bin/bin:/nix/store/y6aj732zm9m87c82fpvf103a1xb22blp-file-5.43/bin:/nix/store/i4kzir3m7mrisxmf5xvlnkw01x4qaqr4-prybar-elisp-0.0.0-e0d9a52/bin:/nix/store/lwwivxf6h7x3cvxp9zv8sj0mv7dak99r-prybar-lua-0.0.0-e0d9a52/bin:/nix/store/gxj28g1cg4hq3qanmjv07156h800qr58-prybar-python3-0.0.0-e0d9a52/bin:/nix/store/hshkjnxrgidigf8x75vg6lqng2xlx9i3-prybar-sqlite-0.0.0-e0d9a52/bin:/nix/store/c4w01bpjgyy5ixmwdk8m1pw87zq4sl26-prybar-tcl-0.0.0-e0d9a52/bin:/nix/store/hpbvrlwd5viqmvcaisb3x0118i913a9n-st
LD_LIBRARY_PATH=/nix/store/a4pff549sk2idnkpzk5nsfps3mdkdnvm-cups-2.4.2-lib/lib:/nix/store/72mqxxhh3cy5yifh92wh2yb8cl2hikyy-cairo-1.16.0/lib:/nix/store/2k366jrbsra97gjfxwvrhvixjfxdach5-glib-2.74.1/lib:/nix/store/2j2znigd8ak37rlwh9khz0ry3clqlw1l-gtk+3-3.24.34/lib:/nix/store/hisqvx32cd57apbpcsnkpx6k3549wql1-libglvnd-1.4.0/lib:/nix/store/p36pgcv991mq5srvg765b78yqpxvk3qs-mesa-21.3.3-drivers/lib:/nix/store/mav4251if1ahjq5vkpwycyyvnmy459c4-pulseaudio-14.2/lib
DISPLAY=:0
LANG=en_US.UTF-8

Signal Handlers:
   SIGSEGV: crash_handler in libjvm.so, mask=11100100010111111101111111111110, flags=SA_RESTART|SA_SIGINFO
    SIGBUS: crash_handler in libjvm.so, mask=11100100010111111101111111111110, flags=SA_RESTART|SA_SIGINFO
    SIGFPE: crash_handler in libjvm.so, mask=11100100010111111101111111111110, flags=SA_RESTART|SA_SIGINFO
   SIGPIPE: IsolateEnterStub_IgnoreSIGPIPEStartupHook_noopSignalHandler_8f19bff2f35b5f630d83b364d6b2339320d4ec70_216e8361c6bc87a8f89f58cc10d3b2fd4415bf87 in libjvmcicompiler.so, mask=00000000000000000000000000000000, flags=SA_RESTART
  *** Handler was modified!
  *** Expected: javaSignalHandler in libjvm.so, mask=11100100110111111111111111111110, flags=SA_RESTART|SA_SIGINFO
   SIGXFSZ: javaSignalHandler in libjvm.so, mask=11100100010111111101111111111110, flags=SA_RESTART|SA_SIGINFO
    SIGILL: crash_handler in libjvm.so, mask=11100100010111111101111111111110, flags=SA_RESTART|SA_SIGINFO
   SIGUSR2: SR_handler in libjvm.so, mask=00000000000000000000000000000000, flags=SA_RESTART|SA_SIGINFO
    SIGHUP: UserHandler in libjvm.so, mask=11100100010111111101111111111110, flags=SA_RESTART|SA_SIGINFO
    SIGINT: UserHandler in libjvm.so, mask=11100100010111111101111111111110, flags=SA_RESTART|SA_SIGINFO
   SIGTERM: UserHandler in libjvm.so, mask=11100100010111111101111111111110, flags=SA_RESTART|SA_SIGINFO
   SIGQUIT: UserHandler in libjvm.so, mask=11100100010111111101111111111110, flags=SA_RESTART|SA_SIGINFO
  *** Handler was modified!
  *** Expected: javaSignalHandler in libjvm.so, mask=11100100110111111111111111111110, flags=SA_RESTART|SA_SIGINFO
   SIGTRAP: crash_handler in libjvm.so, mask=11100100010111111101111111111110, flags=SA_RESTART|SA_SIGINFO


---------------  S Y S T E M  ---------------

OS:
DISTRIB_ID=Ubuntu
DISTRIB_RELEASE=20.04
DISTRIB_CODENAME=focal
DISTRIB_DESCRIPTION="Ubuntu 20.04.2 LTS"
uname: Linux 5.15.0-1031-gcp #38~20.04.1-Ubuntu SMP Sun Mar 12 04:47:58 UTC 2023 x86_64
OS uptime: 0 days 3:43 hours
libc: glibc 2.35 NPTL 2.35 
rlimit (soft/hard): STACK 8192k/infinity , CORE infinity/infinity , NPROC infinity/infinity , NOFILE 5242/5242 , AS infinity/infinity , CPU infinity/infinity , DATA infinity/infinity , FSIZE infinity/infinity , MEMLOCK 64k/64k
load average: 12.48 13.81 15.34

/proc/meminfo:
MemTotal:       65852712 kB
MemFree:        16994960 kB
MemAvailable:   36101440 kB
Buffers:         1870052 kB
Cached:         15930932 kB
SwapCached:            0 kB
Active:          7261352 kB
Inactive:       37409240 kB
Active(anon):      18524 kB
Inactive(anon): 26518032 kB
Active(file):    7242828 kB
Inactive(file): 10891208 kB
Unevictable:       43272 kB
Mlocked:           43272 kB
SwapTotal:             0 kB
SwapFree:              0 kB
Dirty:              4980 kB
Writeback:             0 kB
AnonPages:      25373760 kB
Mapped:          1781476 kB
Shmem:             26996 kB
KReclaimable:    1699044 kB
Slab:            2993812 kB
SReclaimable:    1699044 kB
SUnreclaim:      1294768 kB
KernelStack:      441612 kB
PageTables:       261516 kB
NFS_Unstable:          0 kB
Bounce:                0 kB
WritebackTmp:          0 kB
CommitLimit:    32926356 kB
Committed_AS:   84059960 kB
VmallocTotal:   34359738367 kB
VmallocUsed:      484080 kB
VmallocChunk:          0 kB
Percpu:            67552 kB
HardwareCorrupted:     0 kB
AnonHugePages:   5507072 kB
ShmemHugePages:        0 kB
ShmemPmdMapped:        0 kB
FileHugePages:         0 kB
FilePmdMapped:         0 kB
HugePages_Total:       0
HugePages_Free:        0
HugePages_Rsvd:        0
HugePages_Surp:        0
Hugepagesize:       2048 kB
Hugetlb:               0 kB
DirectMap4k:     4291392 kB
DirectMap2M:    47085568 kB
DirectMap1G:    17825792 kB

/sys/kernel/mm/transparent_hugepage/enabled: always [madvise] never
/sys/kernel/mm/transparent_hugepage/defrag (defrag/compaction efforts parameter): always defer defer+madvise [madvise] never

Process Memory:
Virtual Size: 4656216K (peak: 4742972K)
Resident Set Size: 734056K (peak: 768824K) (anon: 536844K, file: 197212K, shmem: 0K)
Swapped out: 0K
C-Heap outstanding allocations: 40916K, retained: 10811K
glibc malloc tunables: (default)

/proc/sys/kernel/threads-max (system-wide limit on the number of threads): 514406
/proc/sys/vm/max_map_count (maximum number of memory map areas a process may have): 65530
/proc/sys/kernel/pid_max (system-wide limit on number of process identifiers): 4194304

container (cgroup) information:
container_type: cgroupv1
cpu_cpuset_cpus: 2-7
cpu_memory_nodes: 0
active_processor_count: 1
cpu_quota: 50000
cpu_period: 100000
cpu_shares: 512
memory_limit_in_bytes: 1048576 k
memory_and_swap_limit_in_bytes: 1048576 k
memory_soft_limit_in_bytes: 524288 k
memory_usage_in_bytes: 879424 k
memory_max_usage_in_bytes: 979012 k
maximum number of tasks: 1000
current number of tasks: 83

KVM virtualization detected
Steal ticks since vm start: 0
Steal ticks percentage since vm start:  0.000

CPU: total 8 (initial active 1) (8 cores per cpu, 2 threads per core) family 23 model 49 stepping 0 microcode 0xffffffff, cx8, cmov, fxsr, ht, mmx, 3dnowpref, sse, sse2, sse3, ssse3, sse4a, sse4.1, sse4.2, popcnt, lzcnt, tsc, tscinvbit, avx, avx2, aes, clmul, bmi1, bmi2, adx, sha, fma, vzeroupper, clflush, clflushopt, hv
CPU Model and flags from /proc/cpuinfo:
model name	: AMD EPYC 7B12
flags		: fpu vme de pse tsc msr pae mce cx8 apic sep mtrr pge mca cmov pat pse36 clflush mmx fxsr sse sse2 ht syscall nx mmxext fxsr_opt pdpe1gb rdtscp lm constant_tsc rep_good nopl nonstop_tsc cpuid extd_apicid tsc_known_freq pni pclmulqdq ssse3 fma cx16 sse4_1 sse4_2 movbe popcnt aes xsave avx f16c rdrand hypervisor lahf_lm cmp_legacy cr8_legacy abm sse4a misalignsse 3dnowprefetch osvw topoext ssbd ibrs ibpb stibp vmmcall fsgsbase tsc_adjust bmi1 avx2 smep bmi2 rdseed adx smap clflushopt clwb sha_ni xsaveopt xsavec xgetbv1 clzero xsaveerptr arat npt nrip_save umip rdpid

Online cpus: 0-7
Offline cpus: 
BIOS frequency limitation: <Not Available>
Frequency switch latency (ns): <Not Available>
Available cpu frequencies: <Not Available>
Current governor: <Not Available>
Core performance/turbo boost: <Not Available>

Memory: 4k page, physical 1048576k(169140k free), swap 0k(0k free)
Page Sizes: 4k

vm_info: OpenJDK 64-Bit Server VM (17.0.5+8-jvmci-22.3-b08) for linux-amd64 JRE (17.0.5+8-jvmci-22.3-b08), built on Oct 19 2022 09:01:27 by "buildslave" with gcc 10.3.0

END.
